{"/home/travis/build/npmtest/node-npmtest-json-server/test.js":{"path":"/home/travis/build/npmtest/node-npmtest-json-server/test.js","s":{"1":2,"2":2,"3":2,"4":2,"5":2,"6":2,"7":2,"8":1,"9":2,"10":2,"11":1,"12":1,"13":1,"14":1,"15":2,"16":2,"17":2,"18":2,"19":1,"20":1,"21":2,"22":2,"23":2,"24":1,"25":1,"26":1,"27":1,"28":1,"29":1,"30":1,"31":1,"32":1,"33":1,"34":1,"35":1,"36":1,"37":1,"38":1,"39":2,"40":2,"41":1,"42":2,"43":2,"44":1,"45":2,"46":2,"47":1,"48":2,"49":2,"50":1,"51":1,"52":1,"53":1,"54":1},"b":{"1":[2,1,1,1],"2":[1,1,1,1],"3":[1,1],"4":[1,1],"5":[1,1],"6":[1,1],"7":[1,1],"8":[1,1],"9":[1,1],"10":[1,1,1],"11":[1,1],"12":[1,1],"13":[1,1],"14":[1,1],"15":[1,1],"16":[1,1],"17":[1,1]},"f":{"1":2,"2":2,"3":2,"4":2,"5":2,"6":1,"7":1,"8":1,"9":2,"10":2,"11":2,"12":2,"13":1},"fnMap":{"1":{"name":"(anonymous_1)","line":12,"loc":{"start":{"line":12,"column":1},"end":{"line":12,"column":13}}},"2":{"name":"(anonymous_2)","line":19,"loc":{"start":{"line":19,"column":5},"end":{"line":19,"column":17}}},"3":{"name":"(anonymous_3)","line":23,"loc":{"start":{"line":23,"column":24},"end":{"line":23,"column":36}}},"4":{"name":"(anonymous_4)","line":61,"loc":{"start":{"line":61,"column":5},"end":{"line":61,"column":17}}},"5":{"name":"(anonymous_5)","line":82,"loc":{"start":{"line":82,"column":5},"end":{"line":82,"column":17}}},"6":{"name":"(anonymous_6)","line":91,"loc":{"start":{"line":91,"column":77},"end":{"line":94,"column":10}}},"7":{"name":"(anonymous_7)","line":112,"loc":{"start":{"line":112,"column":83},"end":{"line":115,"column":10}},"skip":true},"8":{"name":"(anonymous_8)","line":123,"loc":{"start":{"line":123,"column":77},"end":{"line":126,"column":10}},"skip":true},"9":{"name":"(anonymous_9)","line":139,"loc":{"start":{"line":139,"column":12},"end":{"line":139,"column":40}},"skip":true},"10":{"name":"(anonymous_10)","line":147,"loc":{"start":{"line":147,"column":77},"end":{"line":150,"column":10}},"skip":true},"11":{"name":"(anonymous_11)","line":158,"loc":{"start":{"line":158,"column":83},"end":{"line":161,"column":10}},"skip":true},"12":{"name":"(anonymous_12)","line":169,"loc":{"start":{"line":169,"column":79},"end":{"line":172,"column":10}},"skip":true},"13":{"name":"(anonymous_13)","line":180,"loc":{"start":{"line":180,"column":75},"end":{"line":183,"column":10}},"skip":true}},"statementMap":{"1":{"start":{"line":12,"column":0},"end":{"line":195,"column":5}},"2":{"start":{"line":14,"column":4},"end":{"line":14,"column":14}},"3":{"start":{"line":19,"column":4},"end":{"line":56,"column":9}},"4":{"start":{"line":21,"column":8},"end":{"line":21,"column":19}},"5":{"start":{"line":23,"column":8},"end":{"line":35,"column":13}},"6":{"start":{"line":24,"column":12},"end":{"line":34,"column":13}},"7":{"start":{"line":25,"column":16},"end":{"line":28,"column":30}},"8":{"start":{"line":30,"column":16},"end":{"line":33,"column":27}},"9":{"start":{"line":37,"column":8},"end":{"line":39,"column":21}},"10":{"start":{"line":40,"column":8},"end":{"line":53,"column":9}},"11":{"start":{"line":43,"column":12},"end":{"line":46,"column":14}},"12":{"start":{"line":47,"column":12},"end":{"line":47,"column":18}},"13":{"start":{"line":50,"column":12},"end":{"line":51,"column":33}},"14":{"start":{"line":52,"column":12},"end":{"line":52,"column":18}},"15":{"start":{"line":55,"column":8},"end":{"line":55,"column":35}},"16":{"start":{"line":61,"column":4},"end":{"line":63,"column":9}},"17":{"start":{"line":62,"column":8},"end":{"line":62,"column":15}},"18":{"start":{"line":64,"column":4},"end":{"line":77,"column":5}},"19":{"start":{"line":70,"column":8},"end":{"line":70,"column":14}},"20":{"start":{"line":76,"column":8},"end":{"line":76,"column":14}},"21":{"start":{"line":82,"column":4},"end":{"line":84,"column":9}},"22":{"start":{"line":83,"column":8},"end":{"line":83,"column":15}},"23":{"start":{"line":85,"column":4},"end":{"line":194,"column":5}},"24":{"start":{"line":91,"column":8},"end":{"line":99,"column":10}},"25":{"start":{"line":98,"column":12},"end":{"line":98,"column":35}},"26":{"start":{"line":102,"column":8},"end":{"line":104,"column":63}},"27":{"start":{"line":105,"column":8},"end":{"line":105,"column":14}},"28":{"start":{"line":112,"column":8},"end":{"line":121,"column":10},"skip":true},"29":{"start":{"line":119,"column":12},"end":{"line":119,"column":55},"skip":true},"30":{"start":{"line":120,"column":12},"end":{"line":120,"column":48},"skip":true},"31":{"start":{"line":123,"column":8},"end":{"line":136,"column":10},"skip":true},"32":{"start":{"line":130,"column":12},"end":{"line":130,"column":76},"skip":true},"33":{"start":{"line":131,"column":12},"end":{"line":131,"column":73},"skip":true},"34":{"start":{"line":132,"column":12},"end":{"line":132,"column":74},"skip":true},"35":{"start":{"line":133,"column":12},"end":{"line":133,"column":79},"skip":true},"36":{"start":{"line":134,"column":12},"end":{"line":134,"column":25},"skip":true},"37":{"start":{"line":135,"column":12},"end":{"line":135,"column":45},"skip":true},"38":{"start":{"line":138,"column":8},"end":{"line":145,"column":14},"skip":true},"39":{"start":{"line":143,"column":16},"end":{"line":143,"column":29},"skip":true},"40":{"start":{"line":144,"column":16},"end":{"line":144,"column":55},"skip":true},"41":{"start":{"line":147,"column":8},"end":{"line":156,"column":10},"skip":true},"42":{"start":{"line":154,"column":12},"end":{"line":154,"column":25},"skip":true},"43":{"start":{"line":155,"column":12},"end":{"line":155,"column":45},"skip":true},"44":{"start":{"line":158,"column":8},"end":{"line":167,"column":10},"skip":true},"45":{"start":{"line":165,"column":12},"end":{"line":165,"column":25},"skip":true},"46":{"start":{"line":166,"column":12},"end":{"line":166,"column":48},"skip":true},"47":{"start":{"line":169,"column":8},"end":{"line":178,"column":10},"skip":true},"48":{"start":{"line":176,"column":12},"end":{"line":176,"column":25},"skip":true},"49":{"start":{"line":177,"column":12},"end":{"line":177,"column":46},"skip":true},"50":{"start":{"line":180,"column":8},"end":{"line":189,"column":10},"skip":true},"51":{"start":{"line":187,"column":12},"end":{"line":187,"column":94},"skip":true},"52":{"start":{"line":188,"column":12},"end":{"line":188,"column":48},"skip":true},"53":{"start":{"line":192,"column":8},"end":{"line":192,"column":35},"skip":true},"54":{"start":{"line":193,"column":8},"end":{"line":193,"column":14},"skip":true}},"branchMap":{"1":{"line":25,"type":"binary-expr","locations":[{"start":{"line":25,"column":23},"end":{"line":25,"column":62}},{"start":{"line":26,"column":20},"end":{"line":26,"column":70}},{"start":{"line":27,"column":20},"end":{"line":27,"column":71}},{"start":{"line":28,"column":20},"end":{"line":28,"column":29}}]},"2":{"line":30,"type":"binary-expr","locations":[{"start":{"line":30,"column":23},"end":{"line":30,"column":37}},{"start":{"line":31,"column":20},"end":{"line":31,"column":61}},{"start":{"line":32,"column":20},"end":{"line":32,"column":70}},{"start":{"line":33,"column":20},"end":{"line":33,"column":26}}]},"3":{"line":37,"type":"cond-expr","locations":[{"start":{"line":38,"column":14},"end":{"line":38,"column":20}},{"start":{"line":39,"column":14},"end":{"line":39,"column":20}}]},"4":{"line":40,"type":"switch","locations":[{"start":{"line":42,"column":8},"end":{"line":47,"column":18}},{"start":{"line":49,"column":8},"end":{"line":52,"column":18}}]},"5":{"line":44,"type":"binary-expr","locations":[{"start":{"line":44,"column":16},"end":{"line":44,"column":44}},{"start":{"line":44,"column":48},"end":{"line":44,"column":66}}]},"6":{"line":50,"type":"binary-expr","locations":[{"start":{"line":50,"column":21},"end":{"line":50,"column":49}},{"start":{"line":50,"column":53},"end":{"line":50,"column":72}}]},"7":{"line":64,"type":"switch","locations":[{"start":{"line":69,"column":4},"end":{"line":70,"column":14}},{"start":{"line":75,"column":4},"end":{"line":76,"column":14}}]},"8":{"line":85,"type":"switch","locations":[{"start":{"line":90,"column":4},"end":{"line":105,"column":14}},{"start":{"line":111,"column":4},"end":{"line":193,"column":14},"skip":true}]},"9":{"line":91,"type":"binary-expr","locations":[{"start":{"line":91,"column":42},"end":{"line":91,"column":73}},{"start":{"line":91,"column":77},"end":{"line":99,"column":9}}]},"10":{"line":102,"type":"binary-expr","locations":[{"start":{"line":102,"column":18},"end":{"line":102,"column":32}},{"start":{"line":103,"column":12},"end":{"line":103,"column":53}},{"start":{"line":104,"column":12},"end":{"line":104,"column":61}}]},"11":{"line":112,"type":"binary-expr","locations":[{"start":{"line":112,"column":45},"end":{"line":112,"column":79},"skip":true},{"start":{"line":112,"column":83},"end":{"line":121,"column":9},"skip":true}]},"12":{"line":123,"type":"binary-expr","locations":[{"start":{"line":123,"column":42},"end":{"line":123,"column":73},"skip":true},{"start":{"line":123,"column":77},"end":{"line":136,"column":9},"skip":true}]},"13":{"line":138,"type":"binary-expr","locations":[{"start":{"line":138,"column":48},"end":{"line":138,"column":85},"skip":true},{"start":{"line":139,"column":12},"end":{"line":145,"column":13},"skip":true}]},"14":{"line":147,"type":"binary-expr","locations":[{"start":{"line":147,"column":42},"end":{"line":147,"column":73},"skip":true},{"start":{"line":147,"column":77},"end":{"line":156,"column":9},"skip":true}]},"15":{"line":158,"type":"binary-expr","locations":[{"start":{"line":158,"column":45},"end":{"line":158,"column":79},"skip":true},{"start":{"line":158,"column":83},"end":{"line":167,"column":9},"skip":true}]},"16":{"line":169,"type":"binary-expr","locations":[{"start":{"line":169,"column":43},"end":{"line":169,"column":75},"skip":true},{"start":{"line":169,"column":79},"end":{"line":178,"column":9},"skip":true}]},"17":{"line":180,"type":"binary-expr","locations":[{"start":{"line":180,"column":41},"end":{"line":180,"column":71},"skip":true},{"start":{"line":180,"column":75},"end":{"line":189,"column":9},"skip":true}]}},"code":["/* istanbul instrument in package npmtest_json_server */","/*jslint","    bitwise: true,","    browser: true,","    maxerr: 8,","    maxlen: 96,","    node: true,","    nomen: true,","    regexp: true,","    stupid: true","*/","(function () {","    'use strict';","    var local;","","","","    // run shared js-env code - init-before","    (function () {","        // init local","        local = {};","        // init modeJs","        local.modeJs = (function () {","            try {","                return typeof navigator.userAgent === 'string' &&","                    typeof document.querySelector('body') === 'object' &&","                    typeof XMLHttpRequest.prototype.open === 'function' &&","                    'browser';","            } catch (errorCaughtBrowser) {","                return module.exports &&","                    typeof process.versions.node === 'string' &&","                    typeof require('http').createServer === 'function' &&","                    'node';","            }","        }());","        // init global","        local.global = local.modeJs === 'browser'","            ? window","            : global;","        switch (local.modeJs) {","        // re-init local from window.local","        case 'browser':","            local = local.global.utility2.objectSetDefault(","                local.global.utility2_rollup || local.global.local,","                local.global.utility2","            );","            break;","        // re-init local from example.js","        case 'node':","            local = (local.global.utility2_rollup || require('utility2'))","                .requireReadme();","            break;","        }","        // export local","        local.global.local = local;","    }());","","","","    // run shared js-env code - function","    (function () {","        return;","    }());","    switch (local.modeJs) {","","","","    // run browser js-env code - function","    case 'browser':","        break;","","","","    // run node js-env code - function","    case 'node':","        break;","    }","","","","    // run shared js-env code - init-after","    (function () {","        return;","    }());","    switch (local.modeJs) {","","","","    // run browser js-env code - init-after","    case 'browser':","        local.testCase_browser_nullCase = local.testCase_browser_nullCase || function (","            options,","            onError","        ) {","        /*","         * this function will test browsers's null-case handling-behavior-behavior","         */","            onError(null, options);","        };","","        // run tests","        local.nop(local.modeTest &&","            document.querySelector('#testRunButton1') &&","            document.querySelector('#testRunButton1').click());","        break;","","","","    // run node js-env code - init-after","    /* istanbul ignore next */","    case 'node':","        local.testCase_buildApidoc_default = local.testCase_buildApidoc_default || function (","            options,","            onError","        ) {","        /*","         * this function will test buildApidoc's default handling-behavior-behavior","         */","            options = { modulePathList: module.paths };","            local.buildApidoc(options, onError);","        };","","        local.testCase_buildApp_default = local.testCase_buildApp_default || function (","            options,","            onError","        ) {","        /*","         * this function will test buildApp's default handling-behavior-behavior","         */","            local.testCase_buildReadme_default(options, local.onErrorThrow);","            local.testCase_buildLib_default(options, local.onErrorThrow);","            local.testCase_buildTest_default(options, local.onErrorThrow);","            local.testCase_buildCustomOrg_default(options, local.onErrorThrow);","            options = [];","            local.buildApp(options, onError);","        };","","        local.testCase_buildCustomOrg_default = local.testCase_buildCustomOrg_default ||","            function (options, onError) {","            /*","             * this function will test buildCustomOrg's default handling-behavior","             */","                options = {};","                local.buildCustomOrg(options, onError);","            };","","        local.testCase_buildLib_default = local.testCase_buildLib_default || function (","            options,","            onError","        ) {","        /*","         * this function will test buildLib's default handling-behavior","         */","            options = {};","            local.buildLib(options, onError);","        };","","        local.testCase_buildReadme_default = local.testCase_buildReadme_default || function (","            options,","            onError","        ) {","        /*","         * this function will test buildReadme's default handling-behavior-behavior","         */","            options = {};","            local.buildReadme(options, onError);","        };","","        local.testCase_buildTest_default = local.testCase_buildTest_default || function (","            options,","            onError","        ) {","        /*","         * this function will test buildTest's default handling-behavior","         */","            options = {};","            local.buildTest(options, onError);","        };","","        local.testCase_webpage_default = local.testCase_webpage_default || function (","            options,","            onError","        ) {","        /*","         * this function will test webpage's default handling-behavior","         */","            options = { modeCoverageMerge: true, url: local.serverLocalHost + '?modeTest=1' };","            local.browserTest(options, onError);","        };","","        // run test-server","        local.testRunServer(local);","        break;","    }","}());",""],"l":{"12":2,"14":2,"19":2,"21":2,"23":2,"24":2,"25":2,"30":1,"37":2,"40":2,"43":1,"47":1,"50":1,"52":1,"55":2,"61":2,"62":2,"64":2,"70":1,"76":1,"82":2,"83":2,"85":2,"91":1,"98":1,"102":1,"105":1,"112":1,"119":1,"120":1,"123":1,"130":1,"131":1,"132":1,"133":1,"134":1,"135":1,"138":1,"143":2,"144":2,"147":1,"154":2,"155":2,"158":1,"165":2,"166":2,"169":1,"176":2,"177":2,"180":1,"187":1,"188":1,"192":1,"193":1}},"/home/travis/build/npmtest/node-npmtest-json-server/lib.npmtest_json_server.js":{"path":"/home/travis/build/npmtest/node-npmtest-json-server/lib.npmtest_json_server.js","s":{"1":2,"2":2,"3":2,"4":2,"5":2,"6":2,"7":2,"8":1,"9":2,"10":2,"11":2,"12":2,"13":1,"14":1,"15":1,"16":1},"b":{"1":[2,1,1,1],"2":[1,1,1,1],"3":[1,1],"4":[2,2],"5":[1,1]},"f":{"1":2,"2":2,"3":2},"fnMap":{"1":{"name":"(anonymous_1)","line":12,"loc":{"start":{"line":12,"column":1},"end":{"line":12,"column":13}}},"2":{"name":"(anonymous_2)","line":19,"loc":{"start":{"line":19,"column":5},"end":{"line":19,"column":17}}},"3":{"name":"(anonymous_3)","line":23,"loc":{"start":{"line":23,"column":24},"end":{"line":23,"column":36}}}},"statementMap":{"1":{"start":{"line":12,"column":0},"end":{"line":53,"column":5}},"2":{"start":{"line":14,"column":4},"end":{"line":14,"column":14}},"3":{"start":{"line":19,"column":4},"end":{"line":52,"column":9}},"4":{"start":{"line":21,"column":8},"end":{"line":21,"column":19}},"5":{"start":{"line":23,"column":8},"end":{"line":35,"column":13}},"6":{"start":{"line":24,"column":12},"end":{"line":34,"column":13}},"7":{"start":{"line":25,"column":16},"end":{"line":28,"column":30}},"8":{"start":{"line":30,"column":16},"end":{"line":33,"column":27}},"9":{"start":{"line":37,"column":8},"end":{"line":39,"column":21}},"10":{"start":{"line":41,"column":8},"end":{"line":41,"column":54}},"11":{"start":{"line":43,"column":8},"end":{"line":43,"column":56}},"12":{"start":{"line":45,"column":8},"end":{"line":51,"column":9}},"13":{"start":{"line":46,"column":12},"end":{"line":46,"column":62}},"14":{"start":{"line":48,"column":12},"end":{"line":48,"column":35}},"15":{"start":{"line":49,"column":12},"end":{"line":49,"column":49}},"16":{"start":{"line":50,"column":12},"end":{"line":50,"column":43}}},"branchMap":{"1":{"line":25,"type":"binary-expr","locations":[{"start":{"line":25,"column":23},"end":{"line":25,"column":62}},{"start":{"line":26,"column":20},"end":{"line":26,"column":70}},{"start":{"line":27,"column":20},"end":{"line":27,"column":71}},{"start":{"line":28,"column":20},"end":{"line":28,"column":29}}]},"2":{"line":30,"type":"binary-expr","locations":[{"start":{"line":30,"column":23},"end":{"line":30,"column":37}},{"start":{"line":31,"column":20},"end":{"line":31,"column":61}},{"start":{"line":32,"column":20},"end":{"line":32,"column":70}},{"start":{"line":33,"column":20},"end":{"line":33,"column":26}}]},"3":{"line":37,"type":"cond-expr","locations":[{"start":{"line":38,"column":14},"end":{"line":38,"column":20}},{"start":{"line":39,"column":14},"end":{"line":39,"column":20}}]},"4":{"line":41,"type":"binary-expr","locations":[{"start":{"line":41,"column":16},"end":{"line":41,"column":44}},{"start":{"line":41,"column":48},"end":{"line":41,"column":53}}]},"5":{"line":45,"type":"if","locations":[{"start":{"line":45,"column":8},"end":{"line":45,"column":8}},{"start":{"line":45,"column":8},"end":{"line":45,"column":8}}]}},"code":["/* istanbul instrument in package npmtest_json_server */","/*jslint","    bitwise: true,","    browser: true,","    maxerr: 8,","    maxlen: 96,","    node: true,","    nomen: true,","    regexp: true,","    stupid: true","*/","(function () {","    'use strict';","    var local;","","","","    // run shared js-env code - init-before","    (function () {","        // init local","        local = {};","        // init modeJs","        local.modeJs = (function () {","            try {","                return typeof navigator.userAgent === 'string' &&","                    typeof document.querySelector('body') === 'object' &&","                    typeof XMLHttpRequest.prototype.open === 'function' &&","                    'browser';","            } catch (errorCaughtBrowser) {","                return module.exports &&","                    typeof process.versions.node === 'string' &&","                    typeof require('http').createServer === 'function' &&","                    'node';","            }","        }());","        // init global","        local.global = local.modeJs === 'browser'","            ? window","            : global;","        // init utility2_rollup","        local = local.global.utility2_rollup || local;","        // init lib","        local.local = local.npmtest_json_server = local;","        // init exports","        if (local.modeJs === 'browser') {","            local.global.utility2_npmtest_json_server = local;","        } else {","            module.exports = local;","            module.exports.__dirname = __dirname;","            module.exports.module = module;","        }","    }());","}());",""],"l":{"12":2,"14":2,"19":2,"21":2,"23":2,"24":2,"25":2,"30":1,"37":2,"41":2,"43":2,"45":2,"46":1,"48":1,"49":1,"50":1}},"/home/travis/build/npmtest/node-npmtest-json-server/example.js":{"path":"/home/travis/build/npmtest/node-npmtest-json-server/example.js","s":{"1":2,"2":2,"3":2,"4":2,"5":2,"6":2,"7":2,"8":1,"9":2,"10":2,"11":2,"12":2,"13":1,"14":2,"15":2,"16":2,"17":2,"18":2,"19":0,"20":2,"21":1,"22":1,"23":1,"24":1,"25":1,"26":0,"27":0,"28":1,"29":1,"30":2,"31":0,"32":0,"33":0,"34":1,"35":2,"36":2,"37":3,"38":3,"39":3,"40":3,"41":0,"42":3,"43":3,"44":3,"45":1,"46":3,"47":1,"48":1,"49":1,"50":1,"51":1,"52":1,"53":1,"54":1,"55":1,"56":1,"57":0,"58":1,"59":6,"60":6,"61":1,"62":2,"63":0,"64":2,"65":1,"66":1,"67":0,"68":0,"69":0,"70":0,"71":0,"72":0,"73":0,"74":0,"75":0,"76":0,"77":0,"78":0,"79":0,"80":0,"81":0,"82":0,"83":0},"b":{"1":[2,1,1,1],"2":[1,1,1,1],"3":[1,1],"4":[2,2],"5":[1,1],"6":[1,1],"7":[2,0],"8":[2,1,1,1,1,1],"9":[0,2,0],"10":[1,1],"11":[2,1,1],"12":[1,0],"13":[0,2],"14":[2,0,0,0,0,0,0],"15":[0,3],"16":[3,0],"17":[1,1],"18":[0,1],"19":[1,2,0,2],"20":[1,0],"21":[1,1],"22":[0,0],"23":[0,0],"24":[0,0],"25":[0,0],"26":[0,0],"27":[0,0],"28":[0,0]},"f":{"1":2,"2":2,"3":2,"4":2,"5":2,"6":2,"7":3,"8":3,"9":3,"10":1,"11":6,"12":0},"fnMap":{"1":{"name":"(anonymous_1)","line":26,"loc":{"start":{"line":26,"column":1},"end":{"line":26,"column":13}}},"2":{"name":"(anonymous_2)","line":33,"loc":{"start":{"line":33,"column":5},"end":{"line":33,"column":17}}},"3":{"name":"(anonymous_3)","line":37,"loc":{"start":{"line":37,"column":24},"end":{"line":37,"column":36}}},"4":{"name":"(anonymous_4)","line":69,"loc":{"start":{"line":69,"column":31},"end":{"line":69,"column":48}},"skip":true},"5":{"name":"(anonymous_5)","line":78,"loc":{"start":{"line":78,"column":26},"end":{"line":78,"column":45}},"skip":true},"6":{"name":"(anonymous_6)","line":123,"loc":{"start":{"line":123,"column":33},"end":{"line":123,"column":48}},"skip":true},"7":{"name":"(anonymous_7)","line":125,"loc":{"start":{"line":125,"column":27},"end":{"line":125,"column":39}},"skip":true},"8":{"name":"(anonymous_8)","line":133,"loc":{"start":{"line":133,"column":59},"end":{"line":133,"column":74}},"skip":true},"9":{"name":"(anonymous_9)","line":143,"loc":{"start":{"line":143,"column":45},"end":{"line":143,"column":62}},"skip":true},"10":{"name":"(anonymous_10)","line":144,"loc":{"start":{"line":144,"column":73},"end":{"line":144,"column":92}},"skip":true},"11":{"name":"(anonymous_11)","line":272,"loc":{"start":{"line":272,"column":51},"end":{"line":272,"column":77}},"skip":true},"12":{"name":"(anonymous_12)","line":315,"loc":{"start":{"line":315,"column":32},"end":{"line":315,"column":61}},"skip":true}},"statementMap":{"1":{"start":{"line":26,"column":0},"end":{"line":326,"column":5}},"2":{"start":{"line":28,"column":4},"end":{"line":28,"column":14}},"3":{"start":{"line":33,"column":4},"end":{"line":60,"column":9}},"4":{"start":{"line":35,"column":8},"end":{"line":35,"column":19}},"5":{"start":{"line":37,"column":8},"end":{"line":49,"column":13}},"6":{"start":{"line":38,"column":12},"end":{"line":48,"column":13}},"7":{"start":{"line":39,"column":16},"end":{"line":42,"column":30}},"8":{"start":{"line":44,"column":16},"end":{"line":47,"column":27}},"9":{"start":{"line":51,"column":8},"end":{"line":53,"column":21}},"10":{"start":{"line":55,"column":8},"end":{"line":57,"column":45}},"11":{"start":{"line":59,"column":8},"end":{"line":59,"column":35}},"12":{"start":{"line":61,"column":4},"end":{"line":325,"column":5}},"13":{"start":{"line":69,"column":8},"end":{"line":121,"column":10},"skip":true},"14":{"start":{"line":70,"column":12},"end":{"line":88,"column":13},"skip":true},"15":{"start":{"line":76,"column":16},"end":{"line":87,"column":19},"skip":true},"16":{"start":{"line":79,"column":20},"end":{"line":86,"column":21},"skip":true},"17":{"start":{"line":82,"column":24},"end":{"line":82,"column":43},"skip":true},"18":{"start":{"line":83,"column":24},"end":{"line":83,"column":30},"skip":true},"19":{"start":{"line":85,"column":24},"end":{"line":85,"column":49},"skip":true},"20":{"start":{"line":89,"column":12},"end":{"line":107,"column":13},"skip":true},"21":{"start":{"line":92,"column":16},"end":{"line":102,"column":17},"skip":true},"22":{"start":{"line":93,"column":20},"end":{"line":93,"column":86},"skip":true},"23":{"start":{"line":94,"column":20},"end":{"line":95,"column":45},"skip":true},"24":{"start":{"line":96,"column":20},"end":{"line":96,"column":42},"skip":true},"25":{"start":{"line":97,"column":20},"end":{"line":97,"column":48},"skip":true},"26":{"start":{"line":100,"column":20},"end":{"line":100,"column":85},"skip":true},"27":{"start":{"line":101,"column":20},"end":{"line":101,"column":96},"skip":true},"28":{"start":{"line":103,"column":16},"end":{"line":103,"column":22},"skip":true},"29":{"start":{"line":106,"column":16},"end":{"line":106,"column":22},"skip":true},"30":{"start":{"line":108,"column":12},"end":{"line":120,"column":13},"skip":true},"31":{"start":{"line":114,"column":16},"end":{"line":119,"column":17},"skip":true},"32":{"start":{"line":116,"column":20},"end":{"line":116,"column":78},"skip":true},"33":{"start":{"line":118,"column":20},"end":{"line":118,"column":47},"skip":true},"34":{"start":{"line":123,"column":8},"end":{"line":141,"column":11},"skip":true},"35":{"start":{"line":124,"column":12},"end":{"line":124,"column":54},"skip":true},"36":{"start":{"line":125,"column":12},"end":{"line":140,"column":14},"skip":true},"37":{"start":{"line":126,"column":16},"end":{"line":126,"column":28},"skip":true},"38":{"start":{"line":127,"column":16},"end":{"line":127,"column":69},"skip":true},"39":{"start":{"line":128,"column":16},"end":{"line":128,"column":75},"skip":true},"40":{"start":{"line":129,"column":16},"end":{"line":131,"column":17},"skip":true},"41":{"start":{"line":130,"column":20},"end":{"line":130,"column":27},"skip":true},"42":{"start":{"line":133,"column":16},"end":{"line":137,"column":36},"skip":true},"43":{"start":{"line":134,"column":20},"end":{"line":136,"column":55},"skip":true},"44":{"start":{"line":139,"column":16},"end":{"line":139,"column":57},"skip":true},"45":{"start":{"line":143,"column":8},"end":{"line":147,"column":11},"skip":true},"46":{"start":{"line":144,"column":12},"end":{"line":146,"column":15},"skip":true},"47":{"start":{"line":145,"column":16},"end":{"line":145,"column":70},"skip":true},"48":{"start":{"line":149,"column":8},"end":{"line":149,"column":31},"skip":true},"49":{"start":{"line":150,"column":8},"end":{"line":150,"column":14},"skip":true},"50":{"start":{"line":158,"column":8},"end":{"line":158,"column":31},"skip":true},"51":{"start":{"line":160,"column":8},"end":{"line":160,"column":33},"skip":true},"52":{"start":{"line":161,"column":8},"end":{"line":161,"column":37},"skip":true},"53":{"start":{"line":162,"column":8},"end":{"line":162,"column":35},"skip":true},"54":{"start":{"line":164,"column":8},"end":{"line":164,"column":50},"skip":true},"55":{"start":{"line":166,"column":8},"end":{"line":256,"column":2},"skip":true},"56":{"start":{"line":258,"column":8},"end":{"line":286,"column":9},"skip":true},"57":{"start":{"line":259,"column":12},"end":{"line":269,"column":14},"skip":true},"58":{"start":{"line":271,"column":12},"end":{"line":285,"column":19},"skip":true},"59":{"start":{"line":274,"column":20},"end":{"line":274,"column":35},"skip":true},"60":{"start":{"line":275,"column":20},"end":{"line":284,"column":21},"skip":true},"61":{"start":{"line":277,"column":24},"end":{"line":277,"column":64},"skip":true},"62":{"start":{"line":279,"column":24},"end":{"line":279,"column":40},"skip":true},"63":{"start":{"line":281,"column":24},"end":{"line":281,"column":40},"skip":true},"64":{"start":{"line":283,"column":24},"end":{"line":283,"column":39},"skip":true},"65":{"start":{"line":288,"column":8},"end":{"line":290,"column":9},"skip":true},"66":{"start":{"line":289,"column":12},"end":{"line":289,"column":18},"skip":true},"67":{"start":{"line":291,"column":8},"end":{"line":293,"column":54},"skip":true},"68":{"start":{"line":296,"column":8},"end":{"line":301,"column":37},"skip":true},"69":{"start":{"line":303,"column":8},"end":{"line":303,"column":82},"skip":true},"70":{"start":{"line":306,"column":8},"end":{"line":308,"column":9},"skip":true},"71":{"start":{"line":307,"column":12},"end":{"line":307,"column":82},"skip":true},"72":{"start":{"line":310,"column":8},"end":{"line":312,"column":9},"skip":true},"73":{"start":{"line":311,"column":12},"end":{"line":311,"column":18},"skip":true},"74":{"start":{"line":313,"column":8},"end":{"line":313,"column":54},"skip":true},"75":{"start":{"line":314,"column":8},"end":{"line":314,"column":69},"skip":true},"76":{"start":{"line":315,"column":8},"end":{"line":323,"column":36},"skip":true},"77":{"start":{"line":316,"column":12},"end":{"line":316,"column":61},"skip":true},"78":{"start":{"line":317,"column":12},"end":{"line":320,"column":13},"skip":true},"79":{"start":{"line":318,"column":16},"end":{"line":318,"column":75},"skip":true},"80":{"start":{"line":319,"column":16},"end":{"line":319,"column":23},"skip":true},"81":{"start":{"line":321,"column":12},"end":{"line":321,"column":38},"skip":true},"82":{"start":{"line":322,"column":12},"end":{"line":322,"column":27},"skip":true},"83":{"start":{"line":324,"column":8},"end":{"line":324,"column":14},"skip":true}},"branchMap":{"1":{"line":39,"type":"binary-expr","locations":[{"start":{"line":39,"column":23},"end":{"line":39,"column":62}},{"start":{"line":40,"column":20},"end":{"line":40,"column":70}},{"start":{"line":41,"column":20},"end":{"line":41,"column":71}},{"start":{"line":42,"column":20},"end":{"line":42,"column":29}}]},"2":{"line":44,"type":"binary-expr","locations":[{"start":{"line":44,"column":23},"end":{"line":44,"column":37}},{"start":{"line":45,"column":20},"end":{"line":45,"column":61}},{"start":{"line":46,"column":20},"end":{"line":46,"column":70}},{"start":{"line":47,"column":20},"end":{"line":47,"column":26}}]},"3":{"line":51,"type":"cond-expr","locations":[{"start":{"line":52,"column":14},"end":{"line":52,"column":20}},{"start":{"line":53,"column":14},"end":{"line":53,"column":20}}]},"4":{"line":55,"type":"binary-expr","locations":[{"start":{"line":55,"column":16},"end":{"line":55,"column":44}},{"start":{"line":55,"column":49},"end":{"line":57,"column":43}}]},"5":{"line":55,"type":"cond-expr","locations":[{"start":{"line":56,"column":14},"end":{"line":56,"column":55}},{"start":{"line":57,"column":14},"end":{"line":57,"column":43}}]},"6":{"line":61,"type":"switch","locations":[{"start":{"line":68,"column":4},"end":{"line":150,"column":14},"skip":true},{"start":{"line":156,"column":4},"end":{"line":324,"column":14},"skip":true}]},"7":{"line":70,"type":"if","locations":[{"start":{"line":70,"column":12},"end":{"line":70,"column":12},"skip":true},{"start":{"line":70,"column":12},"end":{"line":70,"column":12},"skip":true}]},"8":{"line":70,"type":"binary-expr","locations":[{"start":{"line":70,"column":16},"end":{"line":70,"column":22},"skip":true},{"start":{"line":70,"column":27},"end":{"line":70,"column":32},"skip":true},{"start":{"line":71,"column":20},"end":{"line":71,"column":39},"skip":true},{"start":{"line":72,"column":20},"end":{"line":72,"column":49},"skip":true},{"start":{"line":73,"column":20},"end":{"line":73,"column":58},"skip":true},{"start":{"line":74,"column":20},"end":{"line":74,"column":69},"skip":true}]},"9":{"line":79,"type":"switch","locations":[{"start":{"line":80,"column":20},"end":{"line":80,"column":33},"skip":true},{"start":{"line":81,"column":20},"end":{"line":83,"column":30},"skip":true},{"start":{"line":84,"column":20},"end":{"line":85,"column":49},"skip":true}]},"10":{"line":89,"type":"switch","locations":[{"start":{"line":90,"column":12},"end":{"line":103,"column":22},"skip":true},{"start":{"line":105,"column":12},"end":{"line":106,"column":22},"skip":true}]},"11":{"line":89,"type":"binary-expr","locations":[{"start":{"line":89,"column":20},"end":{"line":89,"column":25},"skip":true},{"start":{"line":89,"column":29},"end":{"line":89,"column":48},"skip":true},{"start":{"line":89,"column":52},"end":{"line":89,"column":74},"skip":true}]},"12":{"line":92,"type":"if","locations":[{"start":{"line":92,"column":16},"end":{"line":92,"column":16},"skip":true},{"start":{"line":92,"column":16},"end":{"line":92,"column":16},"skip":true}]},"13":{"line":108,"type":"if","locations":[{"start":{"line":108,"column":12},"end":{"line":108,"column":12},"skip":true},{"start":{"line":108,"column":12},"end":{"line":108,"column":12},"skip":true}]},"14":{"line":108,"type":"binary-expr","locations":[{"start":{"line":108,"column":16},"end":{"line":108,"column":61},"skip":true},{"start":{"line":108,"column":66},"end":{"line":108,"column":72},"skip":true},{"start":{"line":108,"column":77},"end":{"line":108,"column":82},"skip":true},{"start":{"line":109,"column":20},"end":{"line":109,"column":39},"skip":true},{"start":{"line":110,"column":20},"end":{"line":110,"column":49},"skip":true},{"start":{"line":111,"column":20},"end":{"line":111,"column":58},"skip":true},{"start":{"line":112,"column":20},"end":{"line":112,"column":68},"skip":true}]},"15":{"line":129,"type":"if","locations":[{"start":{"line":129,"column":16},"end":{"line":129,"column":16},"skip":true},{"start":{"line":129,"column":16},"end":{"line":129,"column":16},"skip":true}]},"16":{"line":134,"type":"cond-expr","locations":[{"start":{"line":135,"column":26},"end":{"line":135,"column":29},"skip":true},{"start":{"line":136,"column":26},"end":{"line":136,"column":54},"skip":true}]},"17":{"line":164,"type":"binary-expr","locations":[{"start":{"line":164,"column":27},"end":{"line":164,"column":43},"skip":true},{"start":{"line":164,"column":47},"end":{"line":164,"column":49},"skip":true}]},"18":{"line":258,"type":"if","locations":[{"start":{"line":258,"column":8},"end":{"line":258,"column":8},"skip":true},{"start":{"line":258,"column":8},"end":{"line":258,"column":8},"skip":true}]},"19":{"line":275,"type":"switch","locations":[{"start":{"line":276,"column":20},"end":{"line":277,"column":64},"skip":true},{"start":{"line":278,"column":20},"end":{"line":279,"column":40},"skip":true},{"start":{"line":280,"column":20},"end":{"line":281,"column":40},"skip":true},{"start":{"line":282,"column":20},"end":{"line":283,"column":39},"skip":true}]},"20":{"line":288,"type":"if","locations":[{"start":{"line":288,"column":8},"end":{"line":288,"column":8},"skip":true},{"start":{"line":288,"column":8},"end":{"line":288,"column":8},"skip":true}]},"21":{"line":288,"type":"binary-expr","locations":[{"start":{"line":288,"column":12},"end":{"line":288,"column":40},"skip":true},{"start":{"line":288,"column":44},"end":{"line":288,"column":67},"skip":true}]},"22":{"line":292,"type":"binary-expr","locations":[{"start":{"line":292,"column":12},"end":{"line":292,"column":50},"skip":true},{"start":{"line":293,"column":12},"end":{"line":293,"column":53},"skip":true}]},"23":{"line":297,"type":"binary-expr","locations":[{"start":{"line":297,"column":12},"end":{"line":297,"column":69},"skip":true},{"start":{"line":298,"column":12},"end":{"line":301,"column":36},"skip":true}]},"24":{"line":303,"type":"binary-expr","locations":[{"start":{"line":303,"column":43},"end":{"line":303,"column":75},"skip":true},{"start":{"line":303,"column":79},"end":{"line":303,"column":81},"skip":true}]},"25":{"line":306,"type":"if","locations":[{"start":{"line":306,"column":8},"end":{"line":306,"column":8},"skip":true},{"start":{"line":306,"column":8},"end":{"line":306,"column":8},"skip":true}]},"26":{"line":310,"type":"if","locations":[{"start":{"line":310,"column":8},"end":{"line":310,"column":8},"skip":true},{"start":{"line":310,"column":8},"end":{"line":310,"column":8},"skip":true}]},"27":{"line":313,"type":"binary-expr","locations":[{"start":{"line":313,"column":27},"end":{"line":313,"column":43},"skip":true},{"start":{"line":313,"column":47},"end":{"line":313,"column":53},"skip":true}]},"28":{"line":317,"type":"if","locations":[{"start":{"line":317,"column":12},"end":{"line":317,"column":12},"skip":true},{"start":{"line":317,"column":12},"end":{"line":317,"column":12},"skip":true}]}},"code":["/*","example.js","","quickstart example","","instruction","    1. save this script as example.js","    2. run the shell command:","        $ npm install npmtest-json-server && PORT=8081 node example.js","    3. play with the browser-demo on http://127.0.0.1:8081","*/","","","","/* istanbul instrument in package npmtest_json_server */","/*jslint","    bitwise: true,","    browser: true,","    maxerr: 8,","    maxlen: 96,","    node: true,","    nomen: true,","    regexp: true,","    stupid: true","*/","(function () {","    'use strict';","    var local;","","","","    // run shared js-env code - init-before","    (function () {","        // init local","        local = {};","        // init modeJs","        local.modeJs = (function () {","            try {","                return typeof navigator.userAgent === 'string' &&","                    typeof document.querySelector('body') === 'object' &&","                    typeof XMLHttpRequest.prototype.open === 'function' &&","                    'browser';","            } catch (errorCaughtBrowser) {","                return module.exports &&","                    typeof process.versions.node === 'string' &&","                    typeof require('http').createServer === 'function' &&","                    'node';","            }","        }());","        // init global","        local.global = local.modeJs === 'browser'","            ? window","            : global;","        // init utility2_rollup","        local = local.global.utility2_rollup || (local.modeJs === 'browser'","            ? local.global.utility2_npmtest_json_server","            : global.utility2_moduleExports);","        // export local","        local.global.local = local;","    }());","    switch (local.modeJs) {","","","","    // init-after","    // run browser js-env code - init-after","    /* istanbul ignore next */","    case 'browser':","        local.testRunBrowser = function (event) {","            if (!event || (event &&","                    event.currentTarget &&","                    event.currentTarget.className &&","                    event.currentTarget.className.includes &&","                    event.currentTarget.className.includes('onreset'))) {","                // reset output","                Array.from(","                    document.querySelectorAll('body > .resettable')","                ).forEach(function (element) {","                    switch (element.tagName) {","                    case 'INPUT':","                    case 'TEXTAREA':","                        element.value = '';","                        break;","                    default:","                        element.textContent = '';","                    }","                });","            }","            switch (event && event.currentTarget && event.currentTarget.id) {","            case 'testRunButton1':","                // show tests","                if (document.querySelector('#testReportDiv1').style.display === 'none') {","                    document.querySelector('#testReportDiv1').style.display = 'block';","                    document.querySelector('#testRunButton1').textContent =","                        'hide internal test';","                    local.modeTest = true;","                    local.testRunDefault(local);","                // hide tests","                } else {","                    document.querySelector('#testReportDiv1').style.display = 'none';","                    document.querySelector('#testRunButton1').textContent = 'run internal test';","                }","                break;","            // custom-case","            default:","                break;","            }","            if (document.querySelector('#inputTextareaEval1') && (!event || (event &&","                    event.currentTarget &&","                    event.currentTarget.className &&","                    event.currentTarget.className.includes &&","                    event.currentTarget.className.includes('oneval')))) {","                // try to eval input-code","                try {","                    /*jslint evil: true*/","                    eval(document.querySelector('#inputTextareaEval1').value);","                } catch (errorCaught) {","                    console.error(errorCaught);","                }","            }","        };","        // log stderr and stdout to #outputTextareaStdout1","        ['error', 'log'].forEach(function (key) {","            console[key + '_original'] = console[key];","            console[key] = function () {","                var element;","                console[key + '_original'].apply(console, arguments);","                element = document.querySelector('#outputTextareaStdout1');","                if (!element) {","                    return;","                }","                // append text to #outputTextareaStdout1","                element.value += Array.from(arguments).map(function (arg) {","                    return typeof arg === 'string'","                        ? arg","                        : JSON.stringify(arg, null, 4);","                }).join(' ') + '\\n';","                // scroll textarea to bottom","                element.scrollTop = element.scrollHeight;","            };","        });","        // init event-handling","        ['change', 'click', 'keyup'].forEach(function (event) {","            Array.from(document.querySelectorAll('.on' + event)).forEach(function (element) {","                element.addEventListener(event, local.testRunBrowser);","            });","        });","        // run tests","        local.testRunBrowser();","        break;","","","","    // run node js-env code - init-after","    /* istanbul ignore next */","    case 'node':","        // export local","        module.exports = local;","        // require modules","        local.fs = require('fs');","        local.http = require('http');","        local.url = require('url');","        // init assets","        local.assetsDict = local.assetsDict || {};","        /* jslint-ignore-begin */","        local.assetsDict['/assets.index.template.html'] = '\\","<!doctype html>\\n\\","<html lang=\"en\">\\n\\","<head>\\n\\","<meta charset=\"UTF-8\">\\n\\","<meta name=\"viewport\" content=\"width=device-width, initial-scale=1\">\\n\\","<title>{{env.npm_package_name}} (v{{env.npm_package_version}})</title>\\n\\","<style>\\n\\","/*csslint\\n\\","    box-sizing: false,\\n\\","    universal-selector: false\\n\\","*/\\n\\","* {\\n\\","    box-sizing: border-box;\\n\\","}\\n\\","body {\\n\\","    background: #dde;\\n\\","    font-family: Arial, Helvetica, sans-serif;\\n\\","    margin: 2rem;\\n\\","}\\n\\","body > * {\\n\\","    margin-bottom: 1rem;\\n\\","}\\n\\",".utility2FooterDiv {\\n\\","    margin-top: 20px;\\n\\","    text-align: center;\\n\\","}\\n\\","</style>\\n\\","<style>\\n\\","/*csslint\\n\\","*/\\n\\","textarea {\\n\\","    font-family: monospace;\\n\\","    height: 10rem;\\n\\","    width: 100%;\\n\\","}\\n\\","textarea[readonly] {\\n\\","    background: #ddd;\\n\\","}\\n\\","</style>\\n\\","</head>\\n\\","<body>\\n\\","<!-- utility2-comment\\n\\","<div id=\"ajaxProgressDiv1\" style=\"background: #d00; height: 2px; left: 0; margin: 0; padding: 0; position: fixed; top: 0; transition: background 0.5s, width 1.5s; width: 25%;\"></div>\\n\\","utility2-comment -->\\n\\","<h1>\\n\\","<!-- utility2-comment\\n\\","    <a\\n\\","        {{#if env.npm_package_homepage}}\\n\\","        href=\"{{env.npm_package_homepage}}\"\\n\\","        {{/if env.npm_package_homepage}}\\n\\","        target=\"_blank\"\\n\\","    >\\n\\","utility2-comment -->\\n\\","        {{env.npm_package_name}} (v{{env.npm_package_version}})\\n\\","<!-- utility2-comment\\n\\","    </a>\\n\\","utility2-comment -->\\n\\","</h1>\\n\\","<h3>{{env.npm_package_description}}</h3>\\n\\","<!-- utility2-comment\\n\\","<h4><a download href=\"assets.app.js\">download standalone app</a></h4>\\n\\","<button class=\"onclick onreset\" id=\"testRunButton1\">run internal test</button><br>\\n\\","<div id=\"testReportDiv1\" style=\"display: none;\"></div>\\n\\","utility2-comment -->\\n\\","\\n\\","\\n\\","\\n\\","<label>stderr and stdout</label>\\n\\","<textarea class=\"resettable\" id=\"outputTextareaStdout1\" readonly></textarea>\\n\\","<!-- utility2-comment\\n\\","{{#if isRollup}}\\n\\","<script src=\"assets.app.js\"></script>\\n\\","{{#unless isRollup}}\\n\\","utility2-comment -->\\n\\","<script src=\"assets.utility2.rollup.js\"></script>\\n\\","<script src=\"jsonp.utility2._stateInit?callback=window.utility2._stateInit\"></script>\\n\\","<script src=\"assets.npmtest_json_server.rollup.js\"></script>\\n\\","<script src=\"assets.example.js\"></script>\\n\\","<script src=\"assets.test.js\"></script>\\n\\","<!-- utility2-comment\\n\\","{{/if isRollup}}\\n\\","utility2-comment -->\\n\\","<div class=\"utility2FooterDiv\">\\n\\","    [ this app was created with\\n\\","    <a href=\"https://github.com/kaizhu256/node-utility2\" target=\"_blank\">utility2</a>\\n\\","    ]\\n\\","</div>\\n\\","</body>\\n\\","</html>\\n\\","';","        /* jslint-ignore-end */","        if (local.templateRender) {","            local.assetsDict['/'] = local.templateRender(","                local.assetsDict['/assets.index.template.html'],","                {","                    env: local.objectSetDefault(local.env, {","                        npm_package_description: 'the greatest app in the world!',","                        npm_package_name: 'my-app',","                        npm_package_nameAlias: 'my_app',","                        npm_package_version: '0.0.1'","                    })","                }","            );","        } else {","            local.assetsDict['/'] = local.assetsDict['/assets.index.template.html']","                .replace((/\\{\\{env\\.(\\w+?)\\}\\}/g), function (match0, match1) {","                    // jslint-hack","                    String(match0);","                    switch (match1) {","                    case 'npm_package_description':","                        return 'the greatest app in the world!';","                    case 'npm_package_name':","                        return 'my-app';","                    case 'npm_package_nameAlias':","                        return 'my_app';","                    case 'npm_package_version':","                        return '0.0.1';","                    }","                });","        }","        // run the cli","        if (local.global.utility2_rollup || module !== require.main) {","            break;","        }","        local.assetsDict['/assets.example.js'] =","            local.assetsDict['/assets.example.js'] ||","            local.fs.readFileSync(__filename, 'utf8');","        // bug-workaround - long $npm_package_buildCustomOrg","        /* jslint-ignore-begin */","        local.assetsDict['/assets.npmtest_json_server.rollup.js'] =","            local.assetsDict['/assets.npmtest_json_server.rollup.js'] ||","            local.fs.readFileSync(","                local.npmtest_json_server.__dirname + '/lib.npmtest_json_server.js',","                'utf8'","            ).replace((/^#!/), '//');","        /* jslint-ignore-end */","        local.assetsDict['/favicon.ico'] = local.assetsDict['/favicon.ico'] || '';","        // if $npm_config_timeout_exit exists,","        // then exit this process after $npm_config_timeout_exit ms","        if (Number(process.env.npm_config_timeout_exit)) {","            setTimeout(process.exit, Number(process.env.npm_config_timeout_exit));","        }","        // start server","        if (local.global.utility2_serverHttp1) {","            break;","        }","        process.env.PORT = process.env.PORT || '8081';","        console.error('server starting on port ' + process.env.PORT);","        local.http.createServer(function (request, response) {","            request.urlParsed = local.url.parse(request.url);","            if (local.assetsDict[request.urlParsed.pathname] !== undefined) {","                response.end(local.assetsDict[request.urlParsed.pathname]);","                return;","            }","            response.statusCode = 404;","            response.end();","        }).listen(process.env.PORT);","        break;","    }","}());",""],"l":{"26":2,"28":2,"33":2,"35":2,"37":2,"38":2,"39":2,"44":1,"51":2,"55":2,"59":2,"61":2,"69":1,"70":2,"76":2,"79":2,"82":2,"83":2,"85":1,"89":2,"92":1,"93":1,"94":1,"96":1,"97":1,"100":1,"101":1,"103":1,"106":1,"108":2,"114":1,"116":1,"118":1,"123":1,"124":2,"125":2,"126":3,"127":3,"128":3,"129":3,"130":1,"133":3,"134":3,"139":3,"143":1,"144":3,"145":1,"149":1,"150":1,"158":1,"160":1,"161":1,"162":1,"164":1,"166":1,"258":1,"259":1,"271":1,"274":6,"275":6,"277":1,"279":2,"281":1,"283":2,"288":1,"289":1,"291":1,"296":1,"303":1,"306":1,"307":1,"310":1,"311":1,"313":1,"314":1,"315":1,"316":1,"317":1,"318":1,"319":1,"321":1,"322":1,"324":1}},"/home/travis/build/npmtest/node-npmtest-json-server/node_modules/json-server/lib/server/index.js":{"path":"/home/travis/build/npmtest/node-npmtest-json-server/node_modules/json-server/lib/server/index.js","s":{"1":1,"2":1,"3":0},"b":{},"f":{"1":0},"fnMap":{"1":{"name":"create","line":6,"loc":{"start":{"line":6,"column":10},"end":{"line":6,"column":28}}}},"statementMap":{"1":{"start":{"line":3,"column":0},"end":{"line":3,"column":33}},"2":{"start":{"line":5,"column":0},"end":{"line":13,"column":2}},"3":{"start":{"line":7,"column":4},"end":{"line":7,"column":43}}},"branchMap":{},"code":["'use strict';","","var express = require('express');","","module.exports = {","  create: function create() {","    return express().set('json spaces', 2);","  },","  defaults: require('./defaults'),","  router: require('./router'),","  rewriter: require('./rewriter'),","  bodyParser: require('./body-parser')","};"],"l":{"3":1,"5":1,"7":0}},"/home/travis/build/npmtest/node-npmtest-json-server/node_modules/json-server/lib/server/defaults.js":{"path":"/home/travis/build/npmtest/node-npmtest-json-server/node_modules/json-server/lib/server/defaults.js","s":{"1":1,"2":1,"3":1,"4":1,"5":1,"6":1,"7":1,"8":1,"9":1,"10":0,"11":0,"12":0,"13":0,"14":0,"15":0,"16":0,"17":0,"18":0,"19":0,"20":0,"21":0,"22":0,"23":0,"24":0,"25":0,"26":0,"27":0,"28":0,"29":0,"30":0,"31":0,"32":0,"33":0,"34":0,"35":0},"b":{"1":[0,0],"2":[0,0],"3":[0,0],"4":[0,0],"5":[0,0],"6":[0,0],"7":[0,0],"8":[0,0]},"f":{"1":0,"2":0,"3":0,"4":0},"fnMap":{"1":{"name":"(anonymous_1)","line":12,"loc":{"start":{"line":12,"column":17},"end":{"line":12,"column":33}}},"2":{"name":"skip","line":29,"loc":{"start":{"line":29,"column":12},"end":{"line":29,"column":31}}},"3":{"name":"(anonymous_3)","line":50,"loc":{"start":{"line":50,"column":11},"end":{"line":50,"column":37}}},"4":{"name":"(anonymous_4)","line":59,"loc":{"start":{"line":59,"column":13},"end":{"line":59,"column":39}}}},"statementMap":{"1":{"start":{"line":3,"column":0},"end":{"line":3,"column":23}},"2":{"start":{"line":4,"column":0},"end":{"line":4,"column":27}},"3":{"start":{"line":5,"column":0},"end":{"line":5,"column":33}},"4":{"start":{"line":6,"column":0},"end":{"line":6,"column":31}},"5":{"start":{"line":7,"column":0},"end":{"line":7,"column":27}},"6":{"start":{"line":8,"column":0},"end":{"line":8,"column":41}},"7":{"start":{"line":9,"column":0},"end":{"line":9,"column":43}},"8":{"start":{"line":10,"column":0},"end":{"line":10,"column":44}},"9":{"start":{"line":12,"column":0},"end":{"line":69,"column":2}},"10":{"start":{"line":13,"column":2},"end":{"line":13,"column":51}},"11":{"start":{"line":14,"column":2},"end":{"line":14,"column":50}},"12":{"start":{"line":15,"column":2},"end":{"line":15,"column":64}},"13":{"start":{"line":17,"column":2},"end":{"line":17,"column":65}},"14":{"start":{"line":19,"column":2},"end":{"line":19,"column":15}},"15":{"start":{"line":22,"column":2},"end":{"line":24,"column":3}},"16":{"start":{"line":23,"column":4},"end":{"line":23,"column":28}},"17":{"start":{"line":27,"column":2},"end":{"line":33,"column":3}},"18":{"start":{"line":28,"column":4},"end":{"line":32,"column":8}},"19":{"start":{"line":30,"column":8},"end":{"line":30,"column":78}},"20":{"start":{"line":36,"column":2},"end":{"line":38,"column":3}},"21":{"start":{"line":37,"column":4},"end":{"line":37,"column":56}},"22":{"start":{"line":40,"column":2},"end":{"line":43,"column":3}},"23":{"start":{"line":42,"column":4},"end":{"line":42,"column":29}},"24":{"start":{"line":46,"column":2},"end":{"line":46,"column":40}},"25":{"start":{"line":50,"column":2},"end":{"line":55,"column":5}},"26":{"start":{"line":51,"column":4},"end":{"line":51,"column":44}},"27":{"start":{"line":52,"column":4},"end":{"line":52,"column":37}},"28":{"start":{"line":53,"column":4},"end":{"line":53,"column":32}},"29":{"start":{"line":54,"column":4},"end":{"line":54,"column":11}},"30":{"start":{"line":58,"column":2},"end":{"line":66,"column":3}},"31":{"start":{"line":59,"column":4},"end":{"line":65,"column":7}},"32":{"start":{"line":60,"column":6},"end":{"line":64,"column":7}},"33":{"start":{"line":61,"column":8},"end":{"line":61,"column":15}},"34":{"start":{"line":63,"column":8},"end":{"line":63,"column":28}},"35":{"start":{"line":68,"column":2},"end":{"line":68,"column":13}}},"branchMap":{"1":{"line":15,"type":"cond-expr","locations":[{"start":{"line":15,"column":43},"end":{"line":15,"column":50}},{"start":{"line":15,"column":53},"end":{"line":15,"column":63}}]},"2":{"line":22,"type":"if","locations":[{"start":{"line":22,"column":2},"end":{"line":22,"column":2}},{"start":{"line":22,"column":2},"end":{"line":22,"column":2}}]},"3":{"line":27,"type":"if","locations":[{"start":{"line":27,"column":2},"end":{"line":27,"column":2}},{"start":{"line":27,"column":2},"end":{"line":27,"column":2}}]},"4":{"line":30,"type":"binary-expr","locations":[{"start":{"line":30,"column":15},"end":{"line":30,"column":46}},{"start":{"line":30,"column":50},"end":{"line":30,"column":77}}]},"5":{"line":36,"type":"if","locations":[{"start":{"line":36,"column":2},"end":{"line":36,"column":2}},{"start":{"line":36,"column":2},"end":{"line":36,"column":2}}]},"6":{"line":40,"type":"if","locations":[{"start":{"line":40,"column":2},"end":{"line":40,"column":2}},{"start":{"line":40,"column":2},"end":{"line":40,"column":2}}]},"7":{"line":58,"type":"if","locations":[{"start":{"line":58,"column":2},"end":{"line":58,"column":2}},{"start":{"line":58,"column":2},"end":{"line":58,"column":2}}]},"8":{"line":60,"type":"if","locations":[{"start":{"line":60,"column":6},"end":{"line":60,"column":6}},{"start":{"line":60,"column":6},"end":{"line":60,"column":6}}]}},"code":["'use strict';","","var fs = require('fs');","var path = require('path');","var express = require('express');","var logger = require('morgan');","var cors = require('cors');","var compression = require('compression');","var errorhandler = require('errorhandler');","var objectAssign = require('object-assign');","","module.exports = function (opts) {","  var userDir = path.join(process.cwd(), 'public');","  var defaultDir = path.join(__dirname, 'public');","  var staticDir = fs.existsSync(userDir) ? userDir : defaultDir;","","  opts = objectAssign({ logger: true, static: staticDir }, opts);","","  var arr = [];","","  // Compress all requests","  if (!opts.noGzip) {","    arr.push(compression());","  }","","  // Logger","  if (opts.logger) {","    arr.push(logger('dev', {","      skip: function skip(req) {","        return process.env.NODE_ENV === 'test' || req.path === '/favicon.ico';","      }","    }));","  }","","  // Enable CORS for all the requests, including static files","  if (!opts.noCors) {","    arr.push(cors({ origin: true, credentials: true }));","  }","","  if (process.env.NODE_ENV === 'development') {","    // only use in development","    arr.push(errorhandler());","  }","","  // Serve static files","  arr.push(express.static(opts.static));","","  // No cache for IE","  // https://support.microsoft.com/en-us/kb/234067","  arr.push(function (req, res, next) {","    res.header('Cache-Control', 'no-cache');","    res.header('Pragma', 'no-cache');","    res.header('Expires', '-1');","    next();","  });","","  // Read-only","  if (opts.readOnly) {","    arr.push(function (req, res, next) {","      if (req.method === 'GET') {","        next(); // Continue","      } else {","        res.sendStatus(403); // Forbidden","      }","    });","  }","","  return arr;","};"],"l":{"3":1,"4":1,"5":1,"6":1,"7":1,"8":1,"9":1,"10":1,"12":1,"13":0,"14":0,"15":0,"17":0,"19":0,"22":0,"23":0,"27":0,"28":0,"30":0,"36":0,"37":0,"40":0,"42":0,"46":0,"50":0,"51":0,"52":0,"53":0,"54":0,"58":0,"59":0,"60":0,"61":0,"63":0,"68":0}},"/home/travis/build/npmtest/node-npmtest-json-server/node_modules/json-server/lib/server/router/index.js":{"path":"/home/travis/build/npmtest/node-npmtest-json-server/node_modules/json-server/lib/server/router/index.js","s":{"1":1,"2":1,"3":1,"4":1,"5":1,"6":1,"7":1,"8":1,"9":1,"10":1,"11":1,"12":1,"13":1,"14":0,"15":0,"16":0,"17":0,"18":0,"19":0,"20":0,"21":0,"22":0,"23":0,"24":0,"25":0,"26":0,"27":0,"28":0,"29":0,"30":0,"31":0,"32":0,"33":0,"34":0,"35":0,"36":0,"37":0,"38":0,"39":0,"40":0,"41":0,"42":0,"43":0,"44":0,"45":0,"46":0,"47":0,"48":0},"b":{"1":[0,0],"2":[0,0],"3":[0,0],"4":[0,0],"5":[0,0]},"f":{"1":0,"2":0,"3":0,"4":0,"5":0,"6":0},"fnMap":{"1":{"name":"(anonymous_1)","line":16,"loc":{"start":{"line":16,"column":17},"end":{"line":16,"column":35}}},"2":{"name":"(anonymous_2)","line":45,"loc":{"start":{"line":45,"column":18},"end":{"line":45,"column":38}}},"3":{"name":"(anonymous_3)","line":50,"loc":{"start":{"line":50,"column":20},"end":{"line":50,"column":40}}},"4":{"name":"(anonymous_4)","line":58,"loc":{"start":{"line":58,"column":13},"end":{"line":58,"column":35}}},"5":{"name":"(anonymous_5)","line":74,"loc":{"start":{"line":74,"column":13},"end":{"line":74,"column":33}}},"6":{"name":"(anonymous_6)","line":83,"loc":{"start":{"line":83,"column":13},"end":{"line":83,"column":44}}}},"statementMap":{"1":{"start":{"line":3,"column":0},"end":{"line":3,"column":33}},"2":{"start":{"line":4,"column":0},"end":{"line":4,"column":48}},"3":{"start":{"line":5,"column":0},"end":{"line":5,"column":26}},"4":{"start":{"line":6,"column":0},"end":{"line":6,"column":36}},"5":{"start":{"line":7,"column":0},"end":{"line":7,"column":27}},"6":{"start":{"line":8,"column":0},"end":{"line":8,"column":57}},"7":{"start":{"line":9,"column":0},"end":{"line":9,"column":43}},"8":{"start":{"line":10,"column":0},"end":{"line":10,"column":46}},"9":{"start":{"line":11,"column":0},"end":{"line":11,"column":33}},"10":{"start":{"line":12,"column":0},"end":{"line":12,"column":33}},"11":{"start":{"line":13,"column":0},"end":{"line":13,"column":37}},"12":{"start":{"line":14,"column":0},"end":{"line":14,"column":34}},"13":{"start":{"line":16,"column":0},"end":{"line":89,"column":2}},"14":{"start":{"line":18,"column":2},"end":{"line":18,"column":32}},"15":{"start":{"line":21,"column":2},"end":{"line":21,"column":31}},"16":{"start":{"line":22,"column":2},"end":{"line":22,"column":25}},"17":{"start":{"line":25,"column":2},"end":{"line":25,"column":18}},"18":{"start":{"line":26,"column":2},"end":{"line":31,"column":3}},"19":{"start":{"line":27,"column":4},"end":{"line":27,"column":15}},"20":{"start":{"line":28,"column":4},"end":{"line":28,"column":24}},"21":{"start":{"line":30,"column":4},"end":{"line":30,"column":45}},"22":{"start":{"line":33,"column":2},"end":{"line":33,"column":30}},"23":{"start":{"line":36,"column":2},"end":{"line":36,"column":23}},"24":{"start":{"line":39,"column":2},"end":{"line":39,"column":21}},"25":{"start":{"line":42,"column":2},"end":{"line":42,"column":17}},"26":{"start":{"line":45,"column":2},"end":{"line":47,"column":4}},"27":{"start":{"line":46,"column":4},"end":{"line":46,"column":31}},"28":{"start":{"line":50,"column":2},"end":{"line":52,"column":5}},"29":{"start":{"line":51,"column":4},"end":{"line":51,"column":29}},"30":{"start":{"line":55,"column":2},"end":{"line":55,"column":23}},"31":{"start":{"line":58,"column":2},"end":{"line":72,"column":13}},"32":{"start":{"line":59,"column":4},"end":{"line":62,"column":5}},"33":{"start":{"line":60,"column":6},"end":{"line":60,"column":47}},"34":{"start":{"line":61,"column":6},"end":{"line":61,"column":13}},"35":{"start":{"line":64,"column":4},"end":{"line":67,"column":5}},"36":{"start":{"line":65,"column":6},"end":{"line":65,"column":45}},"37":{"start":{"line":66,"column":6},"end":{"line":66,"column":13}},"38":{"start":{"line":69,"column":4},"end":{"line":69,"column":159}},"39":{"start":{"line":71,"column":4},"end":{"line":71,"column":25}},"40":{"start":{"line":74,"column":2},"end":{"line":81,"column":5}},"41":{"start":{"line":75,"column":4},"end":{"line":78,"column":5}},"42":{"start":{"line":76,"column":6},"end":{"line":76,"column":22}},"43":{"start":{"line":77,"column":6},"end":{"line":77,"column":27}},"44":{"start":{"line":80,"column":4},"end":{"line":80,"column":28}},"45":{"start":{"line":83,"column":2},"end":{"line":86,"column":5}},"46":{"start":{"line":84,"column":4},"end":{"line":84,"column":29}},"47":{"start":{"line":85,"column":4},"end":{"line":85,"column":36}},"48":{"start":{"line":88,"column":2},"end":{"line":88,"column":16}}},"branchMap":{"1":{"line":26,"type":"if","locations":[{"start":{"line":26,"column":2},"end":{"line":26,"column":2}},{"start":{"line":26,"column":2},"end":{"line":26,"column":2}}]},"2":{"line":59,"type":"if","locations":[{"start":{"line":59,"column":4},"end":{"line":59,"column":4}},{"start":{"line":59,"column":4},"end":{"line":59,"column":4}}]},"3":{"line":64,"type":"if","locations":[{"start":{"line":64,"column":4},"end":{"line":64,"column":4}},{"start":{"line":64,"column":4},"end":{"line":64,"column":4}}]},"4":{"line":69,"type":"cond-expr","locations":[{"start":{"line":69,"column":76},"end":{"line":69,"column":78}},{"start":{"line":69,"column":81},"end":{"line":69,"column":95}}]},"5":{"line":75,"type":"if","locations":[{"start":{"line":75,"column":4},"end":{"line":75,"column":4}},{"start":{"line":75,"column":4},"end":{"line":75,"column":4}}]}},"code":["'use strict';","","var express = require('express');","var methodOverride = require('method-override');","var _ = require('lodash');","var lodashId = require('lodash-id');","var low = require('lowdb');","var fileAsync = require('lowdb/lib/storages/file-async');","var bodyParser = require('../body-parser');","var validateData = require('./validate-data');","var plural = require('./plural');","var nested = require('./nested');","var singular = require('./singular');","var mixins = require('../mixins');","","module.exports = function (source) {","  // Create router","  var router = express.Router();","","  // Add middlewares","  router.use(methodOverride());","  router.use(bodyParser);","","  // Create database","  var db = void 0;","  if (_.isObject(source)) {","    db = low();","    db.setState(source);","  } else {","    db = low(source, { storage: fileAsync });","  }","","  validateData(db.getState());","","  // Add lodash-id methods to db","  db._.mixin(lodashId);","","  // Add specific mixins","  db._.mixin(mixins);","","  // Expose database","  router.db = db;","","  // Expose render","  router.render = function (req, res) {","    res.jsonp(res.locals.data);","  };","","  // GET /db","  router.get('/db', function (req, res) {","    res.jsonp(db.getState());","  });","","  // Handle /:parent/:parentId/:resource","  router.use(nested());","","  // Create routes","  db.forEach(function (value, key) {","    if (_.isPlainObject(value)) {","      router.use(`/${key}`, singular(db, key));","      return;","    }","","    if (_.isArray(value)) {","      router.use(`/${key}`, plural(db, key));","      return;","    }","","    var msg = `Type of \"${key}\" (${typeof value}) ` + (_.isObject(source) ? '' : `in ${source}`) + ' is not supported. ' + 'Use objects or arrays of objects.';","","    throw new Error(msg);","  }).value();","","  router.use(function (req, res) {","    if (!res.locals.data) {","      res.status(404);","      res.locals.data = {};","    }","","    router.render(req, res);","  });","","  router.use(function (err, req, res, next) {","    console.error(err.stack);","    res.status(500).send(err.stack);","  });","","  return router;","};"],"l":{"3":1,"4":1,"5":1,"6":1,"7":1,"8":1,"9":1,"10":1,"11":1,"12":1,"13":1,"14":1,"16":1,"18":0,"21":0,"22":0,"25":0,"26":0,"27":0,"28":0,"30":0,"33":0,"36":0,"39":0,"42":0,"45":0,"46":0,"50":0,"51":0,"55":0,"58":0,"59":0,"60":0,"61":0,"64":0,"65":0,"66":0,"69":0,"71":0,"74":0,"75":0,"76":0,"77":0,"80":0,"83":0,"84":0,"85":0,"88":0}},"/home/travis/build/npmtest/node-npmtest-json-server/node_modules/json-server/lib/server/body-parser.js":{"path":"/home/travis/build/npmtest/node-npmtest-json-server/node_modules/json-server/lib/server/body-parser.js","s":{"1":1,"2":1},"b":{},"f":{},"fnMap":{},"statementMap":{"1":{"start":{"line":3,"column":0},"end":{"line":3,"column":40}},"2":{"start":{"line":5,"column":0},"end":{"line":5,"column":115}}},"branchMap":{},"code":["'use strict';","","var bodyParser = require('body-parser');","","module.exports = [bodyParser.json({ limit: '10mb', extended: false }), bodyParser.urlencoded({ extended: false })];"],"l":{"3":1,"5":1}},"/home/travis/build/npmtest/node-npmtest-json-server/node_modules/json-server/lib/server/router/validate-data.js":{"path":"/home/travis/build/npmtest/node-npmtest-json-server/node_modules/json-server/lib/server/router/validate-data.js","s":{"1":1,"2":1,"3":0,"4":0,"5":0,"6":1,"7":0,"8":0,"9":0},"b":{"1":[0,0],"2":[0,0]},"f":{"1":0,"2":0},"fnMap":{"1":{"name":"validateKey","line":5,"loc":{"start":{"line":5,"column":0},"end":{"line":5,"column":26}}},"2":{"name":"(anonymous_2)","line":12,"loc":{"start":{"line":12,"column":17},"end":{"line":12,"column":32}}}},"statementMap":{"1":{"start":{"line":3,"column":0},"end":{"line":3,"column":26}},"2":{"start":{"line":5,"column":0},"end":{"line":10,"column":1}},"3":{"start":{"line":6,"column":2},"end":{"line":9,"column":3}},"4":{"start":{"line":7,"column":4},"end":{"line":7,"column":215}},"5":{"start":{"line":8,"column":4},"end":{"line":8,"column":25}},"6":{"start":{"line":12,"column":0},"end":{"line":18,"column":2}},"7":{"start":{"line":13,"column":2},"end":{"line":17,"column":3}},"8":{"start":{"line":14,"column":4},"end":{"line":14,"column":42}},"9":{"start":{"line":16,"column":4},"end":{"line":16,"column":129}}},"branchMap":{"1":{"line":6,"type":"if","locations":[{"start":{"line":6,"column":2},"end":{"line":6,"column":2}},{"start":{"line":6,"column":2},"end":{"line":6,"column":2}}]},"2":{"line":13,"type":"if","locations":[{"start":{"line":13,"column":2},"end":{"line":13,"column":2}},{"start":{"line":13,"column":2},"end":{"line":13,"column":2}}]}},"code":["'use strict';","","var _ = require('lodash');","","function validateKey(key) {","  if (key.indexOf('/') !== -1) {","    var msg = [`Oops, found / character in database property '${key}'.`, '', '/ aren\\'t supported, if you want to tweak default routes, see', 'https://github.com/typicode/json-server/#add-custom-routes'].join('\\n');","    throw new Error(msg);","  }","}","","module.exports = function (obj) {","  if (_.isPlainObject(obj)) {","    Object.keys(obj).forEach(validateKey);","  } else {","    throw new Error(`Data must be an object. Found ${typeof obj}.` + 'See https://github.com/typicode/json-server for example.');","  }","};"],"l":{"3":1,"5":1,"6":0,"7":0,"8":0,"12":1,"13":0,"14":0,"16":0}},"/home/travis/build/npmtest/node-npmtest-json-server/node_modules/json-server/lib/server/router/plural.js":{"path":"/home/travis/build/npmtest/node-npmtest-json-server/node_modules/json-server/lib/server/router/plural.js","s":{"1":1,"2":1,"3":1,"4":1,"5":1,"6":1,"7":1,"8":0,"9":1,"10":0,"11":0,"12":0,"13":0,"14":0,"15":0,"16":1,"17":0,"18":0,"19":0,"20":0,"21":0,"22":1,"23":0,"24":0,"25":0,"26":0,"27":0,"28":0,"29":0,"30":0,"31":0,"32":0,"33":0,"34":0,"35":0,"36":0,"37":0,"38":0,"39":0,"40":0,"41":0,"42":0,"43":0,"44":0,"45":0,"46":0,"47":0,"48":0,"49":0,"50":0,"51":0,"52":0,"53":0,"54":0,"55":0,"56":0,"57":0,"58":0,"59":0,"60":0,"61":0,"62":0,"63":0,"64":0,"65":0,"66":0,"67":0,"68":0,"69":0,"70":0,"71":0,"72":0,"73":0,"74":0,"75":0,"76":0,"77":0,"78":0,"79":0,"80":0,"81":0,"82":0,"83":0,"84":0,"85":0,"86":0,"87":0,"88":0,"89":0,"90":0,"91":0,"92":0,"93":0,"94":0,"95":0,"96":0,"97":0,"98":0,"99":0,"100":0,"101":0,"102":0,"103":0,"104":0,"105":0,"106":0,"107":0,"108":0,"109":0,"110":0,"111":0,"112":0,"113":0,"114":0,"115":0,"116":1,"117":0,"118":0,"119":0,"120":0,"121":0,"122":0,"123":0,"124":0,"125":0,"126":1,"127":0,"128":0,"129":0,"130":0,"131":0,"132":0,"133":1,"134":0,"135":0,"136":0,"137":0,"138":0,"139":0,"140":0,"141":1,"142":0,"143":0,"144":0,"145":0,"146":0,"147":0,"148":0,"149":0,"150":0,"151":0,"152":0},"b":{"1":[0,0],"2":[0,0],"3":[0,0],"4":[0,0],"5":[0,0],"6":[0,0,0,0,0,0,0],"7":[0,0],"8":[0,0],"9":[0,0],"10":[0,0],"11":[0,0],"12":[0,0],"13":[0,0],"14":[0,0],"15":[0,0],"16":[0,0],"17":[0,0],"18":[0,0],"19":[0,0],"20":[0,0],"21":[0,0],"22":[0,0],"23":[0,0],"24":[0,0,0],"25":[0,0],"26":[0,0],"27":[0,0],"28":[0,0],"29":[0,0],"30":[0,0],"31":[0,0],"32":[0,0],"33":[0,0],"34":[0,0],"35":[0,0],"36":[0,0],"37":[0,0],"38":[0,0],"39":[0,0],"40":[0,0]},"f":{"1":0,"2":0,"3":0,"4":0,"5":0,"6":0,"7":0,"8":0,"9":0,"10":0,"11":0,"12":0,"13":0,"14":0,"15":0,"16":0,"17":0,"18":0,"19":0},"fnMap":{"1":{"name":"(anonymous_1)","line":10,"loc":{"start":{"line":10,"column":17},"end":{"line":10,"column":37}}},"2":{"name":"embed","line":15,"loc":{"start":{"line":15,"column":2},"end":{"line":15,"column":30}}},"3":{"name":"(anonymous_3)","line":16,"loc":{"start":{"line":16,"column":30},"end":{"line":16,"column":58}}},"4":{"name":"expand","line":27,"loc":{"start":{"line":27,"column":2},"end":{"line":27,"column":31}}},"5":{"name":"(anonymous_5)","line":28,"loc":{"start":{"line":28,"column":30},"end":{"line":28,"column":55}}},"6":{"name":"list","line":43,"loc":{"start":{"line":43,"column":2},"end":{"line":43,"column":32}}},"7":{"name":"(anonymous_7)","line":69,"loc":{"start":{"line":69,"column":35},"end":{"line":69,"column":52}}},"8":{"name":"(anonymous_8)","line":85,"loc":{"start":{"line":85,"column":27},"end":{"line":85,"column":42}}},"9":{"name":"(anonymous_9)","line":95,"loc":{"start":{"line":95,"column":35},"end":{"line":95,"column":50}}},"10":{"name":"(anonymous_10)","line":102,"loc":{"start":{"line":102,"column":29},"end":{"line":102,"column":48}}},"11":{"name":"(anonymous_11)","line":103,"loc":{"start":{"line":103,"column":25},"end":{"line":103,"column":42}}},"12":{"name":"(anonymous_12)","line":128,"loc":{"start":{"line":128,"column":20},"end":{"line":128,"column":36}}},"13":{"name":"(anonymous_13)","line":139,"loc":{"start":{"line":139,"column":27},"end":{"line":139,"column":46}}},"14":{"name":"(anonymous_14)","line":191,"loc":{"start":{"line":191,"column":38},"end":{"line":191,"column":57}}},"15":{"name":"show","line":202,"loc":{"start":{"line":202,"column":2},"end":{"line":202,"column":32}}},"16":{"name":"create","line":226,"loc":{"start":{"line":226,"column":2},"end":{"line":226,"column":34}}},"17":{"name":"update","line":240,"loc":{"start":{"line":240,"column":2},"end":{"line":240,"column":34}}},"18":{"name":"destroy","line":256,"loc":{"start":{"line":256,"column":2},"end":{"line":256,"column":35}}},"19":{"name":"(anonymous_19)","line":262,"loc":{"start":{"line":262,"column":22},"end":{"line":262,"column":38}}}},"statementMap":{"1":{"start":{"line":3,"column":0},"end":{"line":3,"column":33}},"2":{"start":{"line":4,"column":0},"end":{"line":4,"column":26}},"3":{"start":{"line":5,"column":0},"end":{"line":5,"column":37}},"4":{"start":{"line":6,"column":0},"end":{"line":6,"column":31}},"5":{"start":{"line":7,"column":0},"end":{"line":7,"column":43}},"6":{"start":{"line":8,"column":0},"end":{"line":8,"column":32}},"7":{"start":{"line":10,"column":0},"end":{"line":280,"column":2}},"8":{"start":{"line":12,"column":2},"end":{"line":12,"column":32}},"9":{"start":{"line":15,"column":2},"end":{"line":24,"column":3}},"10":{"start":{"line":16,"column":4},"end":{"line":23,"column":7}},"11":{"start":{"line":17,"column":6},"end":{"line":22,"column":7}},"12":{"start":{"line":18,"column":8},"end":{"line":18,"column":23}},"13":{"start":{"line":19,"column":8},"end":{"line":19,"column":56}},"14":{"start":{"line":20,"column":8},"end":{"line":20,"column":53}},"15":{"start":{"line":21,"column":8},"end":{"line":21,"column":84}},"16":{"start":{"line":27,"column":2},"end":{"line":35,"column":3}},"17":{"start":{"line":28,"column":4},"end":{"line":34,"column":7}},"18":{"start":{"line":29,"column":6},"end":{"line":29,"column":44}},"19":{"start":{"line":30,"column":6},"end":{"line":33,"column":7}},"20":{"start":{"line":31,"column":8},"end":{"line":31,"column":40}},"21":{"start":{"line":32,"column":8},"end":{"line":32,"column":81}},"22":{"start":{"line":43,"column":2},"end":{"line":198,"column":3}},"23":{"start":{"line":45,"column":4},"end":{"line":45,"column":29}},"24":{"start":{"line":49,"column":4},"end":{"line":49,"column":24}},"25":{"start":{"line":50,"column":4},"end":{"line":50,"column":34}},"26":{"start":{"line":51,"column":4},"end":{"line":51,"column":30}},"27":{"start":{"line":52,"column":4},"end":{"line":52,"column":32}},"28":{"start":{"line":53,"column":4},"end":{"line":53,"column":32}},"29":{"start":{"line":54,"column":4},"end":{"line":54,"column":34}},"30":{"start":{"line":55,"column":4},"end":{"line":55,"column":34}},"31":{"start":{"line":56,"column":4},"end":{"line":56,"column":34}},"32":{"start":{"line":57,"column":4},"end":{"line":57,"column":36}},"33":{"start":{"line":58,"column":4},"end":{"line":58,"column":23}},"34":{"start":{"line":59,"column":4},"end":{"line":59,"column":28}},"35":{"start":{"line":60,"column":4},"end":{"line":60,"column":26}},"36":{"start":{"line":61,"column":4},"end":{"line":61,"column":27}},"37":{"start":{"line":62,"column":4},"end":{"line":62,"column":28}},"38":{"start":{"line":63,"column":4},"end":{"line":63,"column":28}},"39":{"start":{"line":64,"column":4},"end":{"line":64,"column":28}},"40":{"start":{"line":65,"column":4},"end":{"line":65,"column":29}},"41":{"start":{"line":69,"column":4},"end":{"line":75,"column":7}},"42":{"start":{"line":70,"column":6},"end":{"line":70,"column":37}},"43":{"start":{"line":71,"column":6},"end":{"line":73,"column":7}},"44":{"start":{"line":72,"column":8},"end":{"line":72,"column":174}},"45":{"start":{"line":72,"column":167},"end":{"line":72,"column":174}},"46":{"start":{"line":74,"column":6},"end":{"line":74,"column":30}},"47":{"start":{"line":77,"column":4},"end":{"line":93,"column":5}},"48":{"start":{"line":79,"column":6},"end":{"line":81,"column":7}},"49":{"start":{"line":80,"column":8},"end":{"line":80,"column":17}},"50":{"start":{"line":83,"column":6},"end":{"line":83,"column":26}},"51":{"start":{"line":85,"column":6},"end":{"line":92,"column":9}},"52":{"start":{"line":86,"column":8},"end":{"line":91,"column":9}},"53":{"start":{"line":87,"column":10},"end":{"line":87,"column":31}},"54":{"start":{"line":88,"column":10},"end":{"line":90,"column":11}},"55":{"start":{"line":89,"column":12},"end":{"line":89,"column":24}},"56":{"start":{"line":95,"column":4},"end":{"line":133,"column":7}},"57":{"start":{"line":98,"column":6},"end":{"line":132,"column":7}},"58":{"start":{"line":100,"column":8},"end":{"line":100,"column":44}},"59":{"start":{"line":102,"column":8},"end":{"line":131,"column":11}},"60":{"start":{"line":103,"column":10},"end":{"line":130,"column":13}},"61":{"start":{"line":104,"column":12},"end":{"line":104,"column":47}},"62":{"start":{"line":105,"column":12},"end":{"line":105,"column":65}},"63":{"start":{"line":106,"column":12},"end":{"line":106,"column":44}},"64":{"start":{"line":107,"column":12},"end":{"line":107,"column":65}},"65":{"start":{"line":110,"column":12},"end":{"line":110,"column":52}},"66":{"start":{"line":113,"column":12},"end":{"line":115,"column":13}},"67":{"start":{"line":114,"column":14},"end":{"line":114,"column":21}},"68":{"start":{"line":117,"column":12},"end":{"line":127,"column":13}},"69":{"start":{"line":118,"column":14},"end":{"line":118,"column":50}},"70":{"start":{"line":120,"column":14},"end":{"line":120,"column":81}},"71":{"start":{"line":121,"column":19},"end":{"line":127,"column":13}},"72":{"start":{"line":122,"column":14},"end":{"line":122,"column":55}},"73":{"start":{"line":123,"column":19},"end":{"line":127,"column":13}},"74":{"start":{"line":124,"column":14},"end":{"line":124,"column":74}},"75":{"start":{"line":126,"column":14},"end":{"line":126,"column":55}},"76":{"start":{"line":129,"column":12},"end":{"line":129,"column":26}},"77":{"start":{"line":136,"column":4},"end":{"line":146,"column":5}},"78":{"start":{"line":137,"column":6},"end":{"line":137,"column":31}},"79":{"start":{"line":139,"column":6},"end":{"line":141,"column":9}},"80":{"start":{"line":140,"column":8},"end":{"line":140,"column":37}},"81":{"start":{"line":143,"column":6},"end":{"line":145,"column":7}},"82":{"start":{"line":144,"column":8},"end":{"line":144,"column":32}},"83":{"start":{"line":149,"column":4},"end":{"line":152,"column":5}},"84":{"start":{"line":150,"column":6},"end":{"line":150,"column":51}},"85":{"start":{"line":151,"column":6},"end":{"line":151,"column":96}},"86":{"start":{"line":154,"column":4},"end":{"line":188,"column":5}},"87":{"start":{"line":155,"column":6},"end":{"line":155,"column":34}},"88":{"start":{"line":156,"column":6},"end":{"line":156,"column":37}},"89":{"start":{"line":157,"column":6},"end":{"line":157,"column":42}},"90":{"start":{"line":158,"column":6},"end":{"line":158,"column":61}},"91":{"start":{"line":159,"column":6},"end":{"line":159,"column":21}},"92":{"start":{"line":160,"column":6},"end":{"line":160,"column":36}},"93":{"start":{"line":162,"column":6},"end":{"line":164,"column":7}},"94":{"start":{"line":163,"column":8},"end":{"line":163,"column":84}},"95":{"start":{"line":166,"column":6},"end":{"line":168,"column":7}},"96":{"start":{"line":167,"column":8},"end":{"line":167,"column":82}},"97":{"start":{"line":170,"column":6},"end":{"line":172,"column":7}},"98":{"start":{"line":171,"column":8},"end":{"line":171,"column":82}},"99":{"start":{"line":174,"column":6},"end":{"line":176,"column":7}},"100":{"start":{"line":175,"column":8},"end":{"line":175,"column":82}},"101":{"start":{"line":178,"column":6},"end":{"line":178,"column":23}},"102":{"start":{"line":179,"column":6},"end":{"line":179,"column":34}},"103":{"start":{"line":180,"column":11},"end":{"line":188,"column":5}},"104":{"start":{"line":181,"column":6},"end":{"line":181,"column":41}},"105":{"start":{"line":182,"column":6},"end":{"line":182,"column":32}},"106":{"start":{"line":183,"column":6},"end":{"line":183,"column":40}},"107":{"start":{"line":184,"column":11},"end":{"line":188,"column
[...]
":{"line":195,"type":"if","locations":[{"start":{"line":195,"column":10},"end":{"line":195,"column":10}},{"start":{"line":195,"column":10},"end":{"line":195,"column":10}}]},"21":{"line":196,"type":"if","locations":[{"start":{"line":196,"column":12},"end":{"line":196,"column":12}},{"start":{"line":196,"column":12},"end":{"line":196,"column":12}}]},"22":{"line":200,"type":"if","locations":[{"start":{"line":200,"column":16},"end":{"line":200,"column":16}},{"start":{"line":200,"column":16},"end":{"line":200,"column":16}}]},"23":{"line":213,"type":"if","locations":[{"start":{"line":213,"column":14},"end":{"line":213,"column":14}},{"start":{"line":213,"column":14},"end":{"line":213,"column":14}}]},"24":{"line":215,"type":"binary-expr","locations":[{"start":{"line":215,"column":16},"end":{"line":215,"column":22}},{"start":{"line":215,"column":26},"end":{"line":215,"column":42}}]},"25":{"line":224,"type":"if","locations":[{"start":{"line":224,"column":6},"end":{"line":224,"column":6}},{"start":{"line":224,"column":6},"end":{"line":224,"column":6}}]},"26":{"line":227,"type":"if","locations":[{"start":{"line":227,"column":10},"end":{"line":227,"column":10}},{"start":{"line":227,"column":10},"end":{"line":227,"column":10}}]},"27":{"line":229,"type":"if","locations":[{"start":{"line":229,"column":12},"end":{"line":229,"column":12}},{"start":{"line":229,"column":12},"end":{"line":229,"column":12}}]},"28":{"line":231,"type":"binary-expr","locations":[{"start":{"line":231,"column":14},"end":{"line":231,"column":20}},{"start":{"line":231,"column":24},"end":{"line":231,"column":40}}]}},"code":["'use strict';","","var fs = require('fs');","var path = require('path');","var jph = require('json-parse-helpfulerror');","var _ = require('lodash');","var chalk = require('chalk');","var enableDestroy = require('server-destroy');","var pause = require('connect-pause');","var is = require('./utils/is');","var load = require('./utils/load');","var example = require('./example.json');","var jsonServer = require('../server');","","function prettyPrint(argv, object, rules) {","  var host = argv.host === '0.0.0.0' ? 'localhost' : argv.host;","  var port = argv.port;","  var root = `http://${host}:${port}`;","","  console.log();","  console.log(chalk.bold('  Resources'));","  for (var prop in object) {","    console.log('  ' + root + '/' + prop);","  }","","  if (rules) {","    console.log();","    console.log(chalk.bold('  Other routes'));","    for (var rule in rules) {","      console.log('  ' + rule + ' -> ' + rules[rule]);","    }","  }","","  console.log();","  console.log(chalk.bold('  Home'));","  console.log('  ' + root);","  console.log();","}","","function createApp(source, object, routes, middlewares, argv) {","  var app = jsonServer.create();","","  var router = void 0;","","  try {","    router = jsonServer.router(is.JSON(source) ? source : object);","  } catch (e) {","    console.log();","    console.error(chalk.red(e.message.replace(/^/gm, '  ')));","    process.exit(1);","  }","","  var defaultsOpts = {","    logger: !argv.quiet,","    readOnly: argv.readOnly,","    noCors: argv.noCors,","    noGzip: argv.noGzip","  };","","  if (argv.static) {","    defaultsOpts.static = path.join(process.cwd(), argv.static);","  }","","  var defaults = jsonServer.defaults(defaultsOpts);","  app.use(defaults);","","  if (routes) {","    var rewriter = jsonServer.rewriter(routes);","    app.use(rewriter);","  }","","  if (middlewares) {","    app.use(middlewares);","  }","","  if (argv.delay) {","    app.use(pause(argv.delay));","  }","","  router.db._.id = argv.id;","  app.db = router.db;","  app.use(router);","","  return app;","}","","module.exports = function (argv) {","  var source = argv._[0];","  var app = void 0;","  var server = void 0;","","  if (!fs.existsSync(argv.snapshots)) {","    console.log(`Error: snapshots directory ${argv.snapshots} doesn't exist`);","    process.exit(1);","  }","","  // noop log fn","  if (argv.quiet) {","    console.log = function () {};","  }","","  console.log();","  console.log(chalk.cyan('  \\\\{^_^}/ hi!'));","","  function start(cb) {","    console.log();","","    // Be nice and create a default db.json if it doesn't exist","    if (is.JSON(source) && !fs.existsSync(source)) {","      console.log(chalk.yellow(`  Oops, ${source} doesn't seem to exist`));","      console.log(chalk.yellow(`  Creating ${source} with some default data`));","      console.log();","      fs.writeFileSync(source, JSON.stringify(example, null, 2));","    }","","    console.log(chalk.gray('  Loading', source));","","    // Load JSON, JS or HTTP database","    load(source, function (err, data) {","      if (err) throw err;","","      // Load additional routes","      var routes = void 0;","      if (argv.routes) {","        console.log(chalk.gray('  Loading', argv.routes));","        routes = JSON.parse(fs.readFileSync(argv.routes));","      }","","      // Load middlewares","      var middlewares = void 0;","      if (argv.middlewares) {","        middlewares = argv.middlewares.map(function (m) {","          console.log(chalk.gray('  Loading', m));","          return require(path.resolve(m));","        });","      }","","      // Done","      console.log(chalk.gray('  Done'));","","      // Create app and server","      app = createApp(source, data, routes, middlewares, argv);","      server = app.listen(argv.port, argv.host);","","      // Enhance with a destroy function","      enableDestroy(server);","","      // Display server informations","      prettyPrint(argv, data, routes);","","      cb && cb();","    });","  }","","  // Start server","  start(function () {","    // Snapshot","    console.log(chalk.gray('  Type s + enter at any time to create a snapshot of the database'));","","    // Support nohup","    // https://github.com/typicode/json-server/issues/221","    process.stdin.on('error', function () {","      console.log(`  Error, can't read from stdin`);","      console.log(`  Creating a snapshot from the CLI won't be possible`);","    });","    process.stdin.setEncoding('utf8');","    process.stdin.on('data', function (chunk) {","      if (chunk.trim().toLowerCase() === 's') {","        var filename = 'db-' + Date.now() + '.json';","        var file = path.join(argv.snapshots, filename);","        var state = app.db.getState();","        fs.writeFileSync(file, JSON.stringify(state, null, 2), 'utf-8');","        console.log(`  Saved snapshot to ${path.relative(process.cwd(), file)}\\n`);","      }","    });","","    // Watch files","    if (argv.watch) {","      console.log(chalk.gray('  Watching...'));","      console.log();","      var _source = argv._[0];","","      // Can't watch URL","      if (is.URL(_source)) throw new Error('Can\\'t watch URL');","","      // Watch .js or .json file","      // Since lowdb uses atomic writing, directory is watched instead of file","      var watchedDir = path.dirname(_source);","      var readError = false;","      fs.watch(watchedDir, function (event, file) {","        // https://github.com/typicode/json-server/issues/420","        // file can be null","        if (file) {","          var watchedFile = path.resolve(watchedDir, file);","          if (watchedFile === path.resolve(_source)) {","            if (is.JSON(watchedFile)) {","              var obj = void 0;","              try {","                obj = jph.parse(fs.readFileSync(watchedFile));","                if (readError) {","                  console.log(chalk.green(`  Read error has been fixed :)`));","                  readError = false;","                }","              } catch (e) {","                readError = true;","                console.log(chalk.red(`  Error reading ${watchedFile}`));","                console.error(e.message);","                return;","              }","","              // Compare .json file content with in memory database","              var isDatabaseDifferent = !_.isEqual(obj, app.db.getState());","              if (isDatabaseDifferent) {","                console.log(chalk.gray(`  ${_source} has changed, reloading...`));","                server && server.destroy();","                start();","              }","            }","          }","        }","      });","","      // Watch routes","      if (argv.routes) {","        var _watchedDir = path.dirname(argv.routes);","        fs.watch(_watchedDir, function (event, file) {","          if (file) {","            var watchedFile = path.resolve(_watchedDir, file);","            if (watchedFile === path.resolve(argv.routes)) {","              console.log(chalk.gray(`  ${argv.routes} has changed, reloading...`));","              server && server.destroy();","              start();","            }","          }","        });","      }","    }","  });","};"],"l":{"3":2,"4":2,"5":2,"6":2,"7":2,"8":2,"9":2,"10":2,"11":2,"12":0,"13":0,"15":1,"16":0,"17":0,"18":0,"20":0,"21":0,"22":0,"23":0,"26":0,"27":0,"28":0,"29":0,"30":0,"34":0,"35":0,"36":0,"37":0,"40":1,"41":0,"43":0,"45":0,"46":0,"48":0,"49":0,"50":0,"53":0,"60":0,"61":0,"64":0,"65":0,"67":0,"68":0,"69":0,"72":0,"73":0,"76":0,"77":0,"80":0,"81":0,"82":0,"84":0,"87":0,"88":0,"89":0,"90":0,"92":0,"93":0,"94":0,"98":0,"99":0,"102":0,"103":0,"105":1,"106":0,"109":0,"110":0,"111":0,"112":0,"113":0,"116":0,"119":0,"120":0,"123":0,"124":0,"125":0,"126":0,"130":0,"131":0,"132":0,"133":0,"134":0,"139":0,"142":0,"143":0,"146":0,"149":0,"151":0,"156":0,"158":0,"162":0,"163":0,"164":0,"166":0,"167":0,"168":0,"169":0,"170":0,"171":0,"172":0,"173":0,"178":0,"179":0,"180":0,"181":0,"184":0,"188":0,"189":0,"190":0,"193":0,"194":0,"195":0,"196":0,"197":0,"198":0,"199":0,"200":0,"201":0,"202":0,"205":0,"206":0,"207":0,"208":0,"212":0,"213":0,"214":0,"215":0,"216":0,"224":0,"225":0,"226":0,"227":0,"228":0,"229":0,"230":0,"231":0,"232":0}},"/home/travis/build/npmtest/node-npmtest-json-server/node_modules/json-server/lib/cli/utils/is.js":{"path":"/home/travis/build/npmtest/node-npmtest-json-server/node_modules/json-server/lib/cli/utils/is.js","s":{"1":1,"2":1,"3":0,"4":1,"5":0,"6":1,"7":0},"b":{"1":[0,0],"2":[0,0]},"f":{"1":0,"2":0,"3":0},"fnMap":{"1":{"name":"JSON","line":9,"loc":{"start":{"line":9,"column":0},"end":{"line":9,"column":17}}},"2":{"name":"JS","line":13,"loc":{"start":{"line":13,"column":0},"end":{"line":13,"column":15}}},"3":{"name":"URL","line":17,"loc":{"start":{"line":17,"column":0},"end":{"line":17,"column":16}}}},"statementMap":{"1":{"start":{"line":3,"column":0},"end":{"line":7,"column":2}},"2":{"start":{"line":9,"column":0},"end":{"line":11,"column":1}},"3":{"start":{"line":10,"column":2},"end":{"line":10,"column":38}},"4":{"start":{"line":13,"column":0},"end":{"line":15,"column":1}},"5":{"start":{"line":14,"column":2},"end":{"line":14,"column":36}},"6":{"start":{"line":17,"column":0},"end":{"line":20,"column":1}},"7":{"start":{"line":18,"column":2},"end":{"line":19,"column":4}}},"branchMap":{"1":{"line":10,"type":"binary-expr","locations":[{"start":{"line":10,"column":9},"end":{"line":10,"column":16}},{"start":{"line":10,"column":20},"end":{"line":10,"column":37}}]},"2":{"line":14,"type":"binary-expr","locations":[{"start":{"line":14,"column":9},"end":{"line":14,"column":16}},{"start":{"line":14,"column":20},"end":{"line":14,"column":35}}]}},"code":["\"use strict\";","","module.exports = {","  JSON,","  JS,","  URL","};","","function JSON(s) {","  return !URL(s) && /\\.json$/.test(s);","}","","function JS(s) {","  return !URL(s) && /\\.js$/.test(s);","}","","function URL(s) {","  return (/^(http|https):/.test(s)","  );","}"],"l":{"3":1,"9":1,"10":0,"13":1,"14":0,"17":1,"18":0}},"/home/travis/build/npmtest/node-npmtest-json-server/node_modules/json-server/lib/cli/utils/load.js":{"path":"/home/travis/build/npmtest/node-npmtest-json-server/node_modules/json-server/lib/cli/utils/load.js","s":{"1":4,"2":4,"3":0,"4":0,"5":0,"6":0,"7":0,"8":0,"9":0,"10":0,"11":0,"12":0,"13":0,"14":0,"15":0,"16":0,"17":0,"18":0,"19":0,"20":0,"21":0,"22":0,"23":0,"24":0},"b":{"1":[0,0],"2":[0,0],"3":[0,0],"4":[0,0],"5":[0,0]},"f":{"1":0,"2":0},"fnMap":{"1":{"name":"(anonymous_1)","line":9,"loc":{"start":{"line":9,"column":17},"end":{"line":9,"column":39}}},"2":{"name":"(anonymous_2)","line":17,"loc":{"start":{"line":17,"column":18},"end":{"line":17,"column":43}}}},"statementMap":{"1":{"start":{"line":3,"column":0},"end":{"line":3,"column":27}},"2":{"start":{"line":4,"column":0},"end":{"line":4,"column":33}},"3":{"start":{"line":5,"column":0},"end":{"line":5,"column":27}},"4":{"start":{"line":6,"column":0},"end":{"line":6,"column":57}},"5":{"start":{"line":7,"column":0},"end":{"line":7,"column":25}},"6":{"start":{"line":9,"column":0},"end":{"line":41,"column":2}},"7":{"start":{"line":10,"column":2},"end":{"line":40,"column":3}},"8":{"start":{"line":12,"column":4},"end":{"line":15,"column":6}},"9":{"start":{"line":17,"column":4},"end":{"line":20,"column":7}},"10":{"start":{"line":18,"column":6},"end":{"line":18,"column":30}},"11":{"start":{"line":18,"column":15},"end":{"line":18,"column":30}},"12":{"start":{"line":19,"column":6},"end":{"line":19,"column":30}},"13":{"start":{"line":21,"column":9},"end":{"line":40,"column":3}},"14":{"start":{"line":23,"column":4},"end":{"line":23,"column":40}},"15":{"start":{"line":24,"column":4},"end":{"line":24,"column":35}},"16":{"start":{"line":25,"column":4},"end":{"line":25,"column":35}},"17":{"start":{"line":27,"column":4},"end":{"line":29,"column":5}},"18":{"start":{"line":28,"column":6},"end":{"line":28,"column":93}},"19":{"start":{"line":32,"column":4},"end":{"line":32,"column":24}},"20":{"start":{"line":33,"column":4},"end":{"line":33,"column":19}},"21":{"start":{"line":34,"column":9},"end":{"line":40,"column":3}},"22":{"start":{"line":36,"column":4},"end":{"line":36,"column":63}},"23":{"start":{"line":37,"column":4},"end":{"line":37,"column":20}},"24":{"start":{"line":39,"column":4},"end":{"line":39,"column":52}}},"branchMap":{"1":{"line":10,"type":"if","locations":[{"start":{"line":10,"column":2},"end":{"line":10,"column":2}},{"start":{"line":10,"column":2},"end":{"line":10,"column":2}}]},"2":{"line":18,"type":"if","locations":[{"start":{"line":18,"column":6},"end":{"line":18,"column":6}},{"start":{"line":18,"column":6},"end":{"line":18,"column":6}}]},"3":{"line":21,"type":"if","locations":[{"start":{"line":21,"column":9},"end":{"line":21,"column":9}},{"start":{"line":21,"column":9},"end":{"line":21,"column":9}}]},"4":{"line":27,"type":"if","locations":[{"start":{"line":27,"column":4},"end":{"line":27,"column":4}},{"start":{"line":27,"column":4},"end":{"line":27,"column":4}}]},"5":{"line":34,"type":"if","locations":[{"start":{"line":34,"column":9},"end":{"line":34,"column":9}},{"start":{"line":34,"column":9},"end":{"line":34,"column":9}}]}},"code":["'use strict';","","var path = require('path');","var request = require('request');","var low = require('lowdb');","var fileAsync = require('lowdb/lib/storages/file-async');","var is = require('./is');","","module.exports = function (source, cb) {","  if (is.URL(source)) {","    // Load remote data","    var opts = {","      url: source,","      json: true","    };","","    request(opts, function (err, response) {","      if (err) return cb(err);","      cb(null, response.body);","    });","  } else if (is.JS(source)) {","    // Clear cache","    var filename = path.resolve(source);","    delete require.cache[filename];","    var dataFn = require(filename);","","    if (typeof dataFn !== 'function') {","      throw new Error('The database is a JavaScript file but the export is not a function.');","    }","","    // Run dataFn to generate data","    var data = dataFn();","    cb(null, data);","  } else if (is.JSON(source)) {","    // Load JSON using lowdb","    var _data = low(source, { storage: fileAsync }).getState();","    cb(null, _data);","  } else {","    throw new Error('Unsupported source ' + source);","  }","};"],"l":{"3":4,"4":4,"5":0,"6":0,"7":0,"9":0,"10":0,"12":0,"17":0,"18":0,"19":0,"21":0,"23":0,"24":0,"25":0,"27":0,"28":0,"32":0,"33":0,"34":0,"36":0,"37":0,"39":0}},"/home/travis/build/npmtest/node-npmtest-json-server/node_modules/json-server/lib/server/public/main.js":{"path":"/home/travis/build/npmtest/node-npmtest-json-server/node_modules/json-server/lib/server/public/main.js","s":{"1":2,"2":2,"3":0,"4":0,"5":0,"6":0,"7":0,"8":0,"9":0,"10":0,"11":0,"12":0,"13":0,"14":0,"15":0,"16":0},"b":{"1":[0,0],"2":[0,0],"3":[0,0]},"f":{"1":0,"2":0,"3":0,"4":0,"5":0,"6":0},"fnMap":{"1":{"name":"(anonymous_1)","line":8,"loc":{"start":{"line":8,"column":21},"end":{"line":8,"column":37}}},"2":{"name":"view","line":13,"loc":{"start":{"line":13,"column":8},"end":{"line":13,"column":24}}},"3":{"name":"(anonymous_3)","line":15,"loc":{"start":{"line":15,"column":40},"end":{"line":15,"column":55}}},"4":{"name":"(anonymous_4)","line":26,"loc":{"start":{"line":26,"column":26},"end":{"line":26,"column":42}}},"5":{"name":"view","line":31,"loc":{"start":{"line":31,"column":8},"end":{"line":31,"column":24}}},"6":{"name":"(anonymous_6)","line":34,"loc":{"start":{"line":34,"column":61},"end":{"line":34,"column":77}}}},"statementMap":{"1":{"start":{"line":6,"column":0},"end":{"line":6,"column":12}},"2":{"start":{"line":8,"column":0},"end":{"line":10,"column":3}},"3":{"start":{"line":9,"column":2},"end":{"line":9,"column":12}},"4":{"start":{"line":12,"column":0},"end":{"line":21,"column":3}},"5":{"start":{"line":14,"column":4},"end":{"line":14,"column":31}},"6":{"start":{"line":15,"column":4},"end":{"line":17,"column":77}},"7":{"start":{"line":16,"column":6},"end":{"line":16,"column":132}},"8":{"start":{"line":19,"column":4},"end":{"line":19,"column":93}},"9":{"start":{"line":24,"column":0},"end":{"line":24,"column":22}},"10":{"start":{"line":26,"column":0},"end":{"line":28,"column":3}},"11":{"start":{"line":27,"column":2},"end":{"line":27,"column":22}},"12":{"start":{"line":30,"column":0},"end":{"line":39,"column":3}},"13":{"start":{"line":32,"column":4},"end":{"line":32,"column":42}},"14":{"start":{"line":33,"column":4},"end":{"line":37,"column":5}},"15":{"start":{"line":34,"column":6},"end":{"line":36,"column":11}},"16":{"start":{"line":35,"column":8},"end":{"line":35,"column":76}}},"branchMap":{"1":{"line":16,"type":"cond-expr","locations":[{"start":{"line":16,"column":90},"end":{"line":16,"column":116}},{"start":{"line":16,"column":119},"end":{"line":16,"column":128}}]},"2":{"line":19,"type":"cond-expr","locations":[{"start":{"line":19,"column":48},"end":{"line":19,"column":60}},{"start":{"line":19,"column":63},"end":{"line":19,"column":91}}]},"3":{"line":33,"type":"if","locations":[{"start":{"line":33,"column":4},"end":{"line":33,"column":4}},{"start":{"line":33,"column":4},"end":{"line":33,"column":4}}]}},"code":["'use strict';","","/* global m */","","// Resource list","var db = {};","","m.request('db').then(function (data) {","  db = data;","});","","m.mount(document.getElementById('resources'), {","  view: function view() {","    var keys = Object.keys(db);","    var resourceList = m('ul', keys.map(function (key) {","      return m('li', [m('a', { href: key }, '/' + key), m('sup', Array.isArray(db[key]) ? ' ' + db[key].length + 'x' : ' object')]);","    }).concat([m('a', { href: 'db' }, '/db'), m('sup', m('em', ' state'))]));","","    return [m('h4', 'Resources'), keys.length ? resourceList : m('p', 'No resources found')];","  }","});","","// Custom routes","var customRoutes = {};","","m.request('__rules').then(function (data) {","  customRoutes = data;","});","","m.mount(document.getElementById('custom-routes'), {","  view: function view() {","    var rules = Object.keys(customRoutes);","    if (rules.length) {","      return [m('h4', 'Custom routes'), m('table', rules.map(function (rule) {","        return m('tr', [m('td', rule), m('td', '⇢ ' + customRoutes[rule])]);","      }))];","    }","  }","});"],"l":{"6":2,"8":2,"9":0,"12":0,"14":0,"15":0,"16":0,"19":0,"24":0,"26":0,"27":0,"30":0,"32":0,"33":0,"34":0,"35":0}}}